Command line invocation:
    /Applications/Xcode.app/Contents/Developer/usr/bin/xcodebuild -scheme EasyRide -destination "generic/platform=iOS Simulator" clean build

2026-01-08 16:20:21.335 xcodebuild[19565:136570] [MT] IDERunDestination: Supported platforms for the buildables in the current scheme is empty.
CreateBuildRequest

SendProjectDescription

CreateBuildOperation

** CLEAN SUCCEEDED **

ComputePackagePrebuildTargetDependencyGraph

Prepare packages

CreateBuildRequest

SendProjectDescription

CreateBuildOperation

ComputeTargetDependencyGraph
note: Building targets in dependency order
note: Target dependency graph (1 target)
    Target 'EasyRide' in project 'EasyRide' (no dependencies)

GatherProvisioningInputs

CreateBuildDescription

ExecuteExternalTool /Applications/Xcode.app/Contents/Developer/Toolchains/XcodeDefault.xctoolchain/usr/bin/clang -v -E -dM -isysroot /Applications/Xcode.app/Contents/Developer/Platforms/iPhoneSimulator.platform/Developer/SDKs/iPhoneSimulator26.2.sdk -x c -c /dev/null

ExecuteExternalTool /Applications/Xcode.app/Contents/Developer/usr/bin/actool --print-asset-tag-combinations --output-format xml1 /Users/timyu/Desktop/EasyRide_App/EasyRide/Assets.xcassets

ExecuteExternalTool /Applications/Xcode.app/Contents/Developer/usr/bin/actool --version --output-format xml1

ExecuteExternalTool /Applications/Xcode.app/Contents/Developer/Toolchains/XcodeDefault.xctoolchain/usr/bin/swiftc --version

ExecuteExternalTool /Applications/Xcode.app/Contents/Developer/Toolchains/XcodeDefault.xctoolchain/usr/bin/ld -version_details

Build description signature: c7519dc1511ef32aa68b1ff101456b48
Build description path: /Users/timyu/Library/Developer/Xcode/DerivedData/EasyRide-beugqklueywnwjdnocpyhdzzhnze/Build/Intermediates.noindex/XCBuildData/c7519dc1511ef32aa68b1ff101456b48.xcbuilddata
ClangStatCache /Applications/Xcode.app/Contents/Developer/Toolchains/XcodeDefault.xctoolchain/usr/bin/clang-stat-cache /Applications/Xcode.app/Contents/Developer/Platforms/iPhoneSimulator.platform/Developer/SDKs/iPhoneSimulator26.2.sdk /Users/timyu/Library/Developer/Xcode/DerivedData/SDKStatCaches.noindex/iphonesimulator26.2-23C53-7d00a8b37fbd7999ea79df8ebc024bf0.sdkstatcache
    cd /Users/timyu/Desktop/EasyRide_App/EasyRide.xcodeproj
    /Applications/Xcode.app/Contents/Developer/Toolchains/XcodeDefault.xctoolchain/usr/bin/clang-stat-cache /Applications/Xcode.app/Contents/Developer/Platforms/iPhoneSimulator.platform/Developer/SDKs/iPhoneSimulator26.2.sdk -o /Users/timyu/Library/Developer/Xcode/DerivedData/SDKStatCaches.noindex/iphonesimulator26.2-23C53-7d00a8b37fbd7999ea79df8ebc024bf0.sdkstatcache

CreateBuildDirectory /Users/timyu/Library/Developer/Xcode/DerivedData/EasyRide-beugqklueywnwjdnocpyhdzzhnze/Build/Products
    cd /Users/timyu/Desktop/EasyRide_App/EasyRide.xcodeproj
    builtin-create-build-directory /Users/timyu/Library/Developer/Xcode/DerivedData/EasyRide-beugqklueywnwjdnocpyhdzzhnze/Build/Products

CreateBuildDirectory /Users/timyu/Library/Developer/Xcode/DerivedData/EasyRide-beugqklueywnwjdnocpyhdzzhnze/Build/Intermediates.noindex
    cd /Users/timyu/Desktop/EasyRide_App/EasyRide.xcodeproj
    builtin-create-build-directory /Users/timyu/Library/Developer/Xcode/DerivedData/EasyRide-beugqklueywnwjdnocpyhdzzhnze/Build/Intermediates.noindex

CreateBuildDirectory /Users/timyu/Library/Developer/Xcode/DerivedData/EasyRide-beugqklueywnwjdnocpyhdzzhnze/Build/Intermediates.noindex/SwiftExplicitPrecompiledModules
    cd /Users/timyu/Desktop/EasyRide_App/EasyRide.xcodeproj
    builtin-create-build-directory /Users/timyu/Library/Developer/Xcode/DerivedData/EasyRide-beugqklueywnwjdnocpyhdzzhnze/Build/Intermediates.noindex/SwiftExplicitPrecompiledModules

CreateBuildDirectory /Users/timyu/Library/Developer/Xcode/DerivedData/EasyRide-beugqklueywnwjdnocpyhdzzhnze/Build/Intermediates.noindex/ExplicitPrecompiledModules
    cd /Users/timyu/Desktop/EasyRide_App/EasyRide.xcodeproj
    builtin-create-build-directory /Users/timyu/Library/Developer/Xcode/DerivedData/EasyRide-beugqklueywnwjdnocpyhdzzhnze/Build/Intermediates.noindex/ExplicitPrecompiledModules

CreateBuildDirectory /Users/timyu/Library/Developer/Xcode/DerivedData/EasyRide-beugqklueywnwjdnocpyhdzzhnze/Build/Products/Debug-iphonesimulator
    cd /Users/timyu/Desktop/EasyRide_App/EasyRide.xcodeproj
    builtin-create-build-directory /Users/timyu/Library/Developer/Xcode/DerivedData/EasyRide-beugqklueywnwjdnocpyhdzzhnze/Build/Products/Debug-iphonesimulator

CreateBuildDirectory /Users/timyu/Library/Developer/Xcode/DerivedData/EasyRide-beugqklueywnwjdnocpyhdzzhnze/Build/Intermediates.noindex/EagerLinkingTBDs/Debug-iphonesimulator
    cd /Users/timyu/Desktop/EasyRide_App/EasyRide.xcodeproj
    builtin-create-build-directory /Users/timyu/Library/Developer/Xcode/DerivedData/EasyRide-beugqklueywnwjdnocpyhdzzhnze/Build/Intermediates.noindex/EagerLinkingTBDs/Debug-iphonesimulator

WriteAuxiliaryFile /Users/timyu/Library/Developer/Xcode/DerivedData/EasyRide-beugqklueywnwjdnocpyhdzzhnze/Build/Intermediates.noindex/EasyRide.build/Debug-iphonesimulator/EasyRide-a253cebb47d92f541136c7339b47d029-VFS-iphonesimulator/all-product-headers.yaml
    cd /Users/timyu/Desktop/EasyRide_App/EasyRide.xcodeproj
    write-file /Users/timyu/Library/Developer/Xcode/DerivedData/EasyRide-beugqklueywnwjdnocpyhdzzhnze/Build/Intermediates.noindex/EasyRide.build/Debug-iphonesimulator/EasyRide-a253cebb47d92f541136c7339b47d029-VFS-iphonesimulator/all-product-headers.yaml

WriteAuxiliaryFile /Users/timyu/Library/Developer/Xcode/DerivedData/EasyRide-beugqklueywnwjdnocpyhdzzhnze/Build/Intermediates.noindex/EasyRide.build/Debug-iphonesimulator/EasyRide.build/Objects-normal/x86_64/EasyRide-OutputFileMap.json (in target 'EasyRide' from project 'EasyRide')
    cd /Users/timyu/Desktop/EasyRide_App
    write-file /Users/timyu/Library/Developer/Xcode/DerivedData/EasyRide-beugqklueywnwjdnocpyhdzzhnze/Build/Intermediates.noindex/EasyRide.build/Debug-iphonesimulator/EasyRide.build/Objects-normal/x86_64/EasyRide-OutputFileMap.json

WriteAuxiliaryFile /Users/timyu/Library/Developer/Xcode/DerivedData/EasyRide-beugqklueywnwjdnocpyhdzzhnze/Build/Intermediates.noindex/EasyRide.build/Debug-iphonesimulator/EasyRide.build/Objects-normal/x86_64/EasyRide.LinkFileList (in target 'EasyRide' from project 'EasyRide')
    cd /Users/timyu/Desktop/EasyRide_App
    write-file /Users/timyu/Library/Developer/Xcode/DerivedData/EasyRide-beugqklueywnwjdnocpyhdzzhnze/Build/Intermediates.noindex/EasyRide.build/Debug-iphonesimulator/EasyRide.build/Objects-normal/x86_64/EasyRide.LinkFileList

WriteAuxiliaryFile /Users/timyu/Library/Developer/Xcode/DerivedData/EasyRide-beugqklueywnwjdnocpyhdzzhnze/Build/Intermediates.noindex/EasyRide.build/Debug-iphonesimulator/EasyRide.build/Objects-normal/x86_64/EasyRide_const_extract_protocols.json (in target 'EasyRide' from project 'EasyRide')
    cd /Users/timyu/Desktop/EasyRide_App
    write-file /Users/timyu/Library/Developer/Xcode/DerivedData/EasyRide-beugqklueywnwjdnocpyhdzzhnze/Build/Intermediates.noindex/EasyRide.build/Debug-iphonesimulator/EasyRide.build/Objects-normal/x86_64/EasyRide_const_extract_protocols.json

WriteAuxiliaryFile /Users/timyu/Library/Developer/Xcode/DerivedData/EasyRide-beugqklueywnwjdnocpyhdzzhnze/Build/Intermediates.noindex/EasyRide.build/Debug-iphonesimulator/EasyRide.build/empty-EasyRide.plist (in target 'EasyRide' from project 'EasyRide')
    cd /Users/timyu/Desktop/EasyRide_App
    write-file /Users/timyu/Library/Developer/Xcode/DerivedData/EasyRide-beugqklueywnwjdnocpyhdzzhnze/Build/Intermediates.noindex/EasyRide.build/Debug-iphonesimulator/EasyRide.build/empty-EasyRide.plist

WriteAuxiliaryFile /Users/timyu/Library/Developer/Xcode/DerivedData/EasyRide-beugqklueywnwjdnocpyhdzzhnze/Build/Intermediates.noindex/EasyRide.build/Debug-iphonesimulator/EasyRide.build/Objects-normal/x86_64/EasyRide.SwiftFileList (in target 'EasyRide' from project 'EasyRide')
    cd /Users/timyu/Desktop/EasyRide_App
    write-file /Users/timyu/Library/Developer/Xcode/DerivedData/EasyRide-beugqklueywnwjdnocpyhdzzhnze/Build/Intermediates.noindex/EasyRide.build/Debug-iphonesimulator/EasyRide.build/Objects-normal/x86_64/EasyRide.SwiftFileList

WriteAuxiliaryFile /Users/timyu/Library/Developer/Xcode/DerivedData/EasyRide-beugqklueywnwjdnocpyhdzzhnze/Build/Intermediates.noindex/EasyRide.build/Debug-iphonesimulator/EasyRide.build/Objects-normal/x86_64/EasyRide.SwiftConstValuesFileList (in target 'EasyRide' from project 'EasyRide')
    cd /Users/timyu/Desktop/EasyRide_App
    write-file /Users/timyu/Library/Developer/Xcode/DerivedData/EasyRide-beugqklueywnwjdnocpyhdzzhnze/Build/Intermediates.noindex/EasyRide.build/Debug-iphonesimulator/EasyRide.build/Objects-normal/x86_64/EasyRide.SwiftConstValuesFileList

WriteAuxiliaryFile /Users/timyu/Library/Developer/Xcode/DerivedData/EasyRide-beugqklueywnwjdnocpyhdzzhnze/Build/Intermediates.noindex/EasyRide.build/Debug-iphonesimulator/EasyRide.build/Objects-normal/arm64/EasyRide_const_extract_protocols.json (in target 'EasyRide' from project 'EasyRide')
    cd /Users/timyu/Desktop/EasyRide_App
    write-file /Users/timyu/Library/Developer/Xcode/DerivedData/EasyRide-beugqklueywnwjdnocpyhdzzhnze/Build/Intermediates.noindex/EasyRide.build/Debug-iphonesimulator/EasyRide.build/Objects-normal/arm64/EasyRide_const_extract_protocols.json

WriteAuxiliaryFile /Users/timyu/Library/Developer/Xcode/DerivedData/EasyRide-beugqklueywnwjdnocpyhdzzhnze/Build/Intermediates.noindex/EasyRide.build/Debug-iphonesimulator/EasyRide.build/Objects-normal/arm64/EasyRide.SwiftFileList (in target 'EasyRide' from project 'EasyRide')
    cd /Users/timyu/Desktop/EasyRide_App
    write-file /Users/timyu/Library/Developer/Xcode/DerivedData/EasyRide-beugqklueywnwjdnocpyhdzzhnze/Build/Intermediates.noindex/EasyRide.build/Debug-iphonesimulator/EasyRide.build/Objects-normal/arm64/EasyRide.SwiftFileList

WriteAuxiliaryFile /Users/timyu/Library/Developer/Xcode/DerivedData/EasyRide-beugqklueywnwjdnocpyhdzzhnze/Build/Intermediates.noindex/EasyRide.build/Debug-iphonesimulator/EasyRide.build/Objects-normal/arm64/EasyRide.SwiftConstValuesFileList (in target 'EasyRide' from project 'EasyRide')
    cd /Users/timyu/Desktop/EasyRide_App
    write-file /Users/timyu/Library/Developer/Xcode/DerivedData/EasyRide-beugqklueywnwjdnocpyhdzzhnze/Build/Intermediates.noindex/EasyRide.build/Debug-iphonesimulator/EasyRide.build/Objects-normal/arm64/EasyRide.SwiftConstValuesFileList

WriteAuxiliaryFile /Users/timyu/Library/Developer/Xcode/DerivedData/EasyRide-beugqklueywnwjdnocpyhdzzhnze/Build/Intermediates.noindex/EasyRide.build/Debug-iphonesimulator/EasyRide.build/Objects-normal/arm64/EasyRide.LinkFileList (in target 'EasyRide' from project 'EasyRide')
    cd /Users/timyu/Desktop/EasyRide_App
    write-file /Users/timyu/Library/Developer/Xcode/DerivedData/EasyRide-beugqklueywnwjdnocpyhdzzhnze/Build/Intermediates.noindex/EasyRide.build/Debug-iphonesimulator/EasyRide.build/Objects-normal/arm64/EasyRide.LinkFileList

WriteAuxiliaryFile /Users/timyu/Library/Developer/Xcode/DerivedData/EasyRide-beugqklueywnwjdnocpyhdzzhnze/Build/Intermediates.noindex/EasyRide.build/Debug-iphonesimulator/EasyRide.build/Objects-normal/arm64/EasyRide-OutputFileMap.json (in target 'EasyRide' from project 'EasyRide')
    cd /Users/timyu/Desktop/EasyRide_App
    write-file /Users/timyu/Library/Developer/Xcode/DerivedData/EasyRide-beugqklueywnwjdnocpyhdzzhnze/Build/Intermediates.noindex/EasyRide.build/Debug-iphonesimulator/EasyRide.build/Objects-normal/arm64/EasyRide-OutputFileMap.json

WriteAuxiliaryFile /Users/timyu/Library/Developer/Xcode/DerivedData/EasyRide-beugqklueywnwjdnocpyhdzzhnze/Build/Intermediates.noindex/EasyRide.build/Debug-iphonesimulator/EasyRide.build/EasyRide.hmap (in target 'EasyRide' from project 'EasyRide')
    cd /Users/timyu/Desktop/EasyRide_App
    write-file /Users/timyu/Library/Developer/Xcode/DerivedData/EasyRide-beugqklueywnwjdnocpyhdzzhnze/Build/Intermediates.noindex/EasyRide.build/Debug-iphonesimulator/EasyRide.build/EasyRide.hmap

WriteAuxiliaryFile /Users/timyu/Library/Developer/Xcode/DerivedData/EasyRide-beugqklueywnwjdnocpyhdzzhnze/Build/Intermediates.noindex/EasyRide.build/Debug-iphonesimulator/EasyRide.build/EasyRide.DependencyStaticMetadataFileList (in target 'EasyRide' from project 'EasyRide')
    cd /Users/timyu/Desktop/EasyRide_App
    write-file /Users/timyu/Library/Developer/Xcode/DerivedData/EasyRide-beugqklueywnwjdnocpyhdzzhnze/Build/Intermediates.noindex/EasyRide.build/Debug-iphonesimulator/EasyRide.build/EasyRide.DependencyStaticMetadataFileList

WriteAuxiliaryFile /Users/timyu/Library/Developer/Xcode/DerivedData/EasyRide-beugqklueywnwjdnocpyhdzzhnze/Build/Intermediates.noindex/EasyRide.build/Debug-iphonesimulator/EasyRide.build/EasyRide.DependencyMetadataFileList (in target 'EasyRide' from project 'EasyRide')
    cd /Users/timyu/Desktop/EasyRide_App
    write-file /Users/timyu/Library/Developer/Xcode/DerivedData/EasyRide-beugqklueywnwjdnocpyhdzzhnze/Build/Intermediates.noindex/EasyRide.build/Debug-iphonesimulator/EasyRide.build/EasyRide.DependencyMetadataFileList

WriteAuxiliaryFile /Users/timyu/Library/Developer/Xcode/DerivedData/EasyRide-beugqklueywnwjdnocpyhdzzhnze/Build/Intermediates.noindex/EasyRide.build/Debug-iphonesimulator/EasyRide.build/EasyRide-project-headers.hmap (in target 'EasyRide' from project 'EasyRide')
    cd /Users/timyu/Desktop/EasyRide_App
    write-file /Users/timyu/Library/Developer/Xcode/DerivedData/EasyRide-beugqklueywnwjdnocpyhdzzhnze/Build/Intermediates.noindex/EasyRide.build/Debug-iphonesimulator/EasyRide.build/EasyRide-project-headers.hmap

WriteAuxiliaryFile /Users/timyu/Library/Developer/Xcode/DerivedData/EasyRide-beugqklueywnwjdnocpyhdzzhnze/Build/Intermediates.noindex/EasyRide.build/Debug-iphonesimulator/EasyRide.build/EasyRide-own-target-headers.hmap (in target 'EasyRide' from project 'EasyRide')
    cd /Users/timyu/Desktop/EasyRide_App
    write-file /Users/timyu/Library/Developer/Xcode/DerivedData/EasyRide-beugqklueywnwjdnocpyhdzzhnze/Build/Intermediates.noindex/EasyRide.build/Debug-iphonesimulator/EasyRide.build/EasyRide-own-target-headers.hmap

WriteAuxiliaryFile /Users/timyu/Library/Developer/Xcode/DerivedData/EasyRide-beugqklueywnwjdnocpyhdzzhnze/Build/Intermediates.noindex/EasyRide.build/Debug-iphonesimulator/EasyRide.build/EasyRide-generated-files.hmap (in target 'EasyRide' from project 'EasyRide')
    cd /Users/timyu/Desktop/EasyRide_App
    write-file /Users/timyu/Library/Developer/Xcode/DerivedData/EasyRide-beugqklueywnwjdnocpyhdzzhnze/Build/Intermediates.noindex/EasyRide.build/Debug-iphonesimulator/EasyRide.build/EasyRide-generated-files.hmap

WriteAuxiliaryFile /Users/timyu/Library/Developer/Xcode/DerivedData/EasyRide-beugqklueywnwjdnocpyhdzzhnze/Build/Intermediates.noindex/EasyRide.build/Debug-iphonesimulator/EasyRide.build/EasyRide-all-target-headers.hmap (in target 'EasyRide' from project 'EasyRide')
    cd /Users/timyu/Desktop/EasyRide_App
    write-file /Users/timyu/Library/Developer/Xcode/DerivedData/EasyRide-beugqklueywnwjdnocpyhdzzhnze/Build/Intermediates.noindex/EasyRide.build/Debug-iphonesimulator/EasyRide.build/EasyRide-all-target-headers.hmap

WriteAuxiliaryFile /Users/timyu/Library/Developer/Xcode/DerivedData/EasyRide-beugqklueywnwjdnocpyhdzzhnze/Build/Intermediates.noindex/EasyRide.build/Debug-iphonesimulator/EasyRide.build/EasyRide-all-non-framework-target-headers.hmap (in target 'EasyRide' from project 'EasyRide')
    cd /Users/timyu/Desktop/EasyRide_App
    write-file /Users/timyu/Library/Developer/Xcode/DerivedData/EasyRide-beugqklueywnwjdnocpyhdzzhnze/Build/Intermediates.noindex/EasyRide.build/Debug-iphonesimulator/EasyRide.build/EasyRide-all-non-framework-target-headers.hmap

WriteAuxiliaryFile /Users/timyu/Library/Developer/Xcode/DerivedData/EasyRide-beugqklueywnwjdnocpyhdzzhnze/Build/Intermediates.noindex/EasyRide.build/Debug-iphonesimulator/EasyRide.build/EasyRide-DebugDylibPath-normal-x86_64.txt (in target 'EasyRide' from project 'EasyRide')
    cd /Users/timyu/Desktop/EasyRide_App
    write-file /Users/timyu/Library/Developer/Xcode/DerivedData/EasyRide-beugqklueywnwjdnocpyhdzzhnze/Build/Intermediates.noindex/EasyRide.build/Debug-iphonesimulator/EasyRide.build/EasyRide-DebugDylibPath-normal-x86_64.txt

WriteAuxiliaryFile /Users/timyu/Library/Developer/Xcode/DerivedData/EasyRide-beugqklueywnwjdnocpyhdzzhnze/Build/Intermediates.noindex/EasyRide.build/Debug-iphonesimulator/EasyRide.build/EasyRide-DebugDylibPath-normal-arm64.txt (in target 'EasyRide' from project 'EasyRide')
    cd /Users/timyu/Desktop/EasyRide_App
    write-file /Users/timyu/Library/Developer/Xcode/DerivedData/EasyRide-beugqklueywnwjdnocpyhdzzhnze/Build/Intermediates.noindex/EasyRide.build/Debug-iphonesimulator/EasyRide.build/EasyRide-DebugDylibPath-normal-arm64.txt

WriteAuxiliaryFile /Users/timyu/Library/Developer/Xcode/DerivedData/EasyRide-beugqklueywnwjdnocpyhdzzhnze/Build/Intermediates.noindex/EasyRide.build/Debug-iphonesimulator/EasyRide.build/EasyRide-DebugDylibInstallName-normal-x86_64.txt (in target 'EasyRide' from project 'EasyRide')
    cd /Users/timyu/Desktop/EasyRide_App
    write-file /Users/timyu/Library/Developer/Xcode/DerivedData/EasyRide-beugqklueywnwjdnocpyhdzzhnze/Build/Intermediates.noindex/EasyRide.build/Debug-iphonesimulator/EasyRide.build/EasyRide-DebugDylibInstallName-normal-x86_64.txt

WriteAuxiliaryFile /Users/timyu/Library/Developer/Xcode/DerivedData/EasyRide-beugqklueywnwjdnocpyhdzzhnze/Build/Intermediates.noindex/EasyRide.build/Debug-iphonesimulator/EasyRide.build/EasyRide-DebugDylibInstallName-normal-arm64.txt (in target 'EasyRide' from project 'EasyRide')
    cd /Users/timyu/Desktop/EasyRide_App
    write-file /Users/timyu/Library/Developer/Xcode/DerivedData/EasyRide-beugqklueywnwjdnocpyhdzzhnze/Build/Intermediates.noindex/EasyRide.build/Debug-iphonesimulator/EasyRide.build/EasyRide-DebugDylibInstallName-normal-arm64.txt

MkDir /Users/timyu/Library/Developer/Xcode/DerivedData/EasyRide-beugqklueywnwjdnocpyhdzzhnze/Build/Products/Debug-iphonesimulator/EasyRide.app (in target 'EasyRide' from project 'EasyRide')
    cd /Users/timyu/Desktop/EasyRide_App
    /bin/mkdir -p /Users/timyu/Library/Developer/Xcode/DerivedData/EasyRide-beugqklueywnwjdnocpyhdzzhnze/Build/Products/Debug-iphonesimulator/EasyRide.app

WriteAuxiliaryFile /Users/timyu/Library/Developer/Xcode/DerivedData/EasyRide-beugqklueywnwjdnocpyhdzzhnze/Build/Intermediates.noindex/EasyRide.build/Debug-iphonesimulator/EasyRide.build/DerivedSources/Entitlements-Simulated.plist (in target 'EasyRide' from project 'EasyRide')
    cd /Users/timyu/Desktop/EasyRide_App
    write-file /Users/timyu/Library/Developer/Xcode/DerivedData/EasyRide-beugqklueywnwjdnocpyhdzzhnze/Build/Intermediates.noindex/EasyRide.build/Debug-iphonesimulator/EasyRide.build/DerivedSources/Entitlements-Simulated.plist

ProcessProductPackaging "" /Users/timyu/Library/Developer/Xcode/DerivedData/EasyRide-beugqklueywnwjdnocpyhdzzhnze/Build/Intermediates.noindex/EasyRide.build/Debug-iphonesimulator/EasyRide.build/EasyRide.app-Simulated.xcent (in target 'EasyRide' from project 'EasyRide')
    cd /Users/timyu/Desktop/EasyRide_App
    
    Entitlements:
    
    {
    "application-identifier" = "KSGXNV23HN.com.timyu.EasyRide";
}
    
    builtin-productPackagingUtility -entitlements -format xml -o /Users/timyu/Library/Developer/Xcode/DerivedData/EasyRide-beugqklueywnwjdnocpyhdzzhnze/Build/Intermediates.noindex/EasyRide.build/Debug-iphonesimulator/EasyRide.build/EasyRide.app-Simulated.xcent

ProcessProductPackagingDER /Users/timyu/Library/Developer/Xcode/DerivedData/EasyRide-beugqklueywnwjdnocpyhdzzhnze/Build/Intermediates.noindex/EasyRide.build/Debug-iphonesimulator/EasyRide.build/EasyRide.app-Simulated.xcent /Users/timyu/Library/Developer/Xcode/DerivedData/EasyRide-beugqklueywnwjdnocpyhdzzhnze/Build/Intermediates.noindex/EasyRide.build/Debug-iphonesimulator/EasyRide.build/EasyRide.app-Simulated.xcent.der (in target 'EasyRide' from project 'EasyRide')
    cd /Users/timyu/Desktop/EasyRide_App
    /usr/bin/derq query -f xml -i /Users/timyu/Library/Developer/Xcode/DerivedData/EasyRide-beugqklueywnwjdnocpyhdzzhnze/Build/Intermediates.noindex/EasyRide.build/Debug-iphonesimulator/EasyRide.build/EasyRide.app-Simulated.xcent -o /Users/timyu/Library/Developer/Xcode/DerivedData/EasyRide-beugqklueywnwjdnocpyhdzzhnze/Build/Intermediates.noindex/EasyRide.build/Debug-iphonesimulator/EasyRide.build/EasyRide.app-Simulated.xcent.der --raw

MkDir /Users/timyu/Library/Developer/Xcode/DerivedData/EasyRide-beugqklueywnwjdnocpyhdzzhnze/Build/Intermediates.noindex/EasyRide.build/Debug-iphonesimulator/EasyRide.build/assetcatalog_output/thinned (in target 'EasyRide' from project 'EasyRide')
    cd /Users/timyu/Desktop/EasyRide_App
    /bin/mkdir -p /Users/timyu/Library/Developer/Xcode/DerivedData/EasyRide-beugqklueywnwjdnocpyhdzzhnze/Build/Intermediates.noindex/EasyRide.build/Debug-iphonesimulator/EasyRide.build/assetcatalog_output/thinned

MkDir /Users/timyu/Library/Developer/Xcode/DerivedData/EasyRide-beugqklueywnwjdnocpyhdzzhnze/Build/Intermediates.noindex/EasyRide.build/Debug-iphonesimulator/EasyRide.build/assetcatalog_output/unthinned (in target 'EasyRide' from project 'EasyRide')
    cd /Users/timyu/Desktop/EasyRide_App
    /bin/mkdir -p /Users/timyu/Library/Developer/Xcode/DerivedData/EasyRide-beugqklueywnwjdnocpyhdzzhnze/Build/Intermediates.noindex/EasyRide.build/Debug-iphonesimulator/EasyRide.build/assetcatalog_output/unthinned

Ld /Users/timyu/Library/Developer/Xcode/DerivedData/EasyRide-beugqklueywnwjdnocpyhdzzhnze/Build/Intermediates.noindex/EasyRide.build/Debug-iphonesimulator/EasyRide.build/Objects-normal/x86_64/Binary/__preview.dylib normal x86_64 (in target 'EasyRide' from project 'EasyRide')
    cd /Users/timyu/Desktop/EasyRide_App
    /Applications/Xcode.app/Contents/Developer/Toolchains/XcodeDefault.xctoolchain/usr/bin/clang -Xlinker -reproducible -target x86_64-apple-ios18.0-simulator -dynamiclib -isysroot /Applications/Xcode.app/Contents/Developer/Platforms/iPhoneSimulator.platform/Developer/SDKs/iPhoneSimulator26.2.sdk -O0 -L/Users/timyu/Library/Developer/Xcode/DerivedData/EasyRide-beugqklueywnwjdnocpyhdzzhnze/Build/Products/Debug-iphonesimulator -F/Users/timyu/Library/Developer/Xcode/DerivedData/EasyRide-beugqklueywnwjdnocpyhdzzhnze/Build/Products/Debug-iphonesimulator -install_name @rpath/EasyRide.debug.dylib -dead_strip -rdynamic -Xlinker -no_deduplicate -Xlinker -objc_abi_version -Xlinker 2 -Xlinker -debug_variant -Xlinker -dependency_info -Xlinker /Users/timyu/Library/Developer/Xcode/DerivedData/EasyRide-beugqklueywnwjdnocpyhdzzhnze/Build/Intermediates.noindex/EasyRide.build/Debug-iphonesimulator/EasyRide.build/Objects-normal/x86_64/EasyRide_dependency_info.dat -Xlinker -sectcreate -Xlinker __TEXT -Xlinker __entitlements -Xlinker /Users/timyu/Library/Developer/Xcode/DerivedData/EasyRide-beugqklueywnwjdnocpyhdzzhnze/Build/Intermediates.noindex/EasyRide.build/Debug-iphonesimulator/EasyRide.build/EasyRide.app-Simulated.xcent -Xlinker -sectcreate -Xlinker __TEXT -Xlinker __ents_der -Xlinker /Users/timyu/Library/Developer/Xcode/DerivedData/EasyRide-beugqklueywnwjdnocpyhdzzhnze/Build/Intermediates.noindex/EasyRide.build/Debug-iphonesimulator/EasyRide.build/EasyRide.app-Simulated.xcent.der -Xlinker -no_adhoc_codesign -o /Users/timyu/Library/Developer/Xcode/DerivedData/EasyRide-beugqklueywnwjdnocpyhdzzhnze/Build/Intermediates.noindex/EasyRide.build/Debug-iphonesimulator/EasyRide.build/Objects-normal/x86_64/Binary/__preview.dylib

Ld /Users/timyu/Library/Developer/Xcode/DerivedData/EasyRide-beugqklueywnwjdnocpyhdzzhnze/Build/Intermediates.noindex/EasyRide.build/Debug-iphonesimulator/EasyRide.build/Objects-normal/arm64/Binary/__preview.dylib normal arm64 (in target 'EasyRide' from project 'EasyRide')
    cd /Users/timyu/Desktop/EasyRide_App
    /Applications/Xcode.app/Contents/Developer/Toolchains/XcodeDefault.xctoolchain/usr/bin/clang -Xlinker -reproducible -target arm64-apple-ios18.0-simulator -dynamiclib -isysroot /Applications/Xcode.app/Contents/Developer/Platforms/iPhoneSimulator.platform/Developer/SDKs/iPhoneSimulator26.2.sdk -O0 -L/Users/timyu/Library/Developer/Xcode/DerivedData/EasyRide-beugqklueywnwjdnocpyhdzzhnze/Build/Products/Debug-iphonesimulator -F/Users/timyu/Library/Developer/Xcode/DerivedData/EasyRide-beugqklueywnwjdnocpyhdzzhnze/Build/Products/Debug-iphonesimulator -install_name @rpath/EasyRide.debug.dylib -dead_strip -rdynamic -Xlinker -no_deduplicate -Xlinker -objc_abi_version -Xlinker 2 -Xlinker -debug_variant -Xlinker -dependency_info -Xlinker /Users/timyu/Library/Developer/Xcode/DerivedData/EasyRide-beugqklueywnwjdnocpyhdzzhnze/Build/Intermediates.noindex/EasyRide.build/Debug-iphonesimulator/EasyRide.build/Objects-normal/arm64/EasyRide_dependency_info.dat -Xlinker -sectcreate -Xlinker __TEXT -Xlinker __entitlements -Xlinker /Users/timyu/Library/Developer/Xcode/DerivedData/EasyRide-beugqklueywnwjdnocpyhdzzhnze/Build/Intermediates.noindex/EasyRide.build/Debug-iphonesimulator/EasyRide.build/EasyRide.app-Simulated.xcent -Xlinker -sectcreate -Xlinker __TEXT -Xlinker __ents_der -Xlinker /Users/timyu/Library/Developer/Xcode/DerivedData/EasyRide-beugqklueywnwjdnocpyhdzzhnze/Build/Intermediates.noindex/EasyRide.build/Debug-iphonesimulator/EasyRide.build/EasyRide.app-Simulated.xcent.der -Xlinker -no_adhoc_codesign -o /Users/timyu/Library/Developer/Xcode/DerivedData/EasyRide-beugqklueywnwjdnocpyhdzzhnze/Build/Intermediates.noindex/EasyRide.build/Debug-iphonesimulator/EasyRide.build/Objects-normal/arm64/Binary/__preview.dylib

GenerateAssetSymbols /Users/timyu/Desktop/EasyRide_App/EasyRide/Assets.xcassets (in target 'EasyRide' from project 'EasyRide')
    cd /Users/timyu/Desktop/EasyRide_App
    /Applications/Xcode.app/Contents/Developer/usr/bin/actool /Users/timyu/Desktop/EasyRide_App/EasyRide/Assets.xcassets --compile /Users/timyu/Library/Developer/Xcode/DerivedData/EasyRide-beugqklueywnwjdnocpyhdzzhnze/Build/Products/Debug-iphonesimulator/EasyRide.app --output-format human-readable-text --notices --warnings --export-dependency-info /Users/timyu/Library/Developer/Xcode/DerivedData/EasyRide-beugqklueywnwjdnocpyhdzzhnze/Build/Intermediates.noindex/EasyRide.build/Debug-iphonesimulator/EasyRide.build/assetcatalog_dependencies --output-partial-info-plist /Users/timyu/Library/Developer/Xcode/DerivedData/EasyRide-beugqklueywnwjdnocpyhdzzhnze/Build/Intermediates.noindex/EasyRide.build/Debug-iphonesimulator/EasyRide.build/assetcatalog_generated_info.plist --app-icon AppIcon --accent-color AccentColor --compress-pngs --enable-on-demand-resources YES --development-region en --target-device iphone --target-device ipad --minimum-deployment-target 18.0 --platform iphonesimulator --bundle-identifier com.timyu.EasyRide --generate-swift-asset-symbols /Users/timyu/Library/Developer/Xcode/DerivedData/EasyRide-beugqklueywnwjdnocpyhdzzhnze/Build/Intermediates.noindex/EasyRide.build/Debug-iphonesimulator/EasyRide.build/DerivedSources/GeneratedAssetSymbols.swift --generate-objc-asset-symbols /Users/timyu/Library/Developer/Xcode/DerivedData/EasyRide-beugqklueywnwjdnocpyhdzzhnze/Build/Intermediates.noindex/EasyRide.build/Debug-iphonesimulator/EasyRide.build/DerivedSources/GeneratedAssetSymbols.h --generate-asset-symbol-index /Users/timyu/Library/Developer/Xcode/DerivedData/EasyRide-beugqklueywnwjdnocpyhdzzhnze/Build/Intermediates.noindex/EasyRide.build/Debug-iphonesimulator/EasyRide.build/DerivedSources/GeneratedAssetSymbols-Index.plist
/* com.apple.actool.compilation-results */
/Users/timyu/Library/Developer/Xcode/DerivedData/EasyRide-beugqklueywnwjdnocpyhdzzhnze/Build/Intermediates.noindex/EasyRide.build/Debug-iphonesimulator/EasyRide.build/DerivedSources/GeneratedAssetSymbols-Index.plist
/Users/timyu/Library/Developer/Xcode/DerivedData/EasyRide-beugqklueywnwjdnocpyhdzzhnze/Build/Intermediates.noindex/EasyRide.build/Debug-iphonesimulator/EasyRide.build/DerivedSources/GeneratedAssetSymbols.h
/Users/timyu/Library/Developer/Xcode/DerivedData/EasyRide-beugqklueywnwjdnocpyhdzzhnze/Build/Intermediates.noindex/EasyRide.build/Debug-iphonesimulator/EasyRide.build/DerivedSources/GeneratedAssetSymbols.swift


CpResource /Users/timyu/Library/Developer/Xcode/DerivedData/EasyRide-beugqklueywnwjdnocpyhdzzhnze/Build/Products/Debug-iphonesimulator/EasyRide.app/Task11.1_Implementation_Summary.md /Users/timyu/Desktop/EasyRide_App/EasyRide/Documentation/Task11.1_Implementation_Summary.md (in target 'EasyRide' from project 'EasyRide')
    cd /Users/timyu/Desktop/EasyRide_App
    builtin-copy -exclude .DS_Store -exclude CVS -exclude .svn -exclude .git -exclude .hg -resolve-src-symlinks /Users/timyu/Desktop/EasyRide_App/EasyRide/Documentation/Task11.1_Implementation_Summary.md /Users/timyu/Library/Developer/Xcode/DerivedData/EasyRide-beugqklueywnwjdnocpyhdzzhnze/Build/Products/Debug-iphonesimulator/EasyRide.app

CpResource /Users/timyu/Library/Developer/Xcode/DerivedData/EasyRide-beugqklueywnwjdnocpyhdzzhnze/Build/Products/Debug-iphonesimulator/EasyRide.app/OrientationDeviceSupportGuide.md /Users/timyu/Desktop/EasyRide_App/EasyRide/Documentation/OrientationDeviceSupportGuide.md (in target 'EasyRide' from project 'EasyRide')
    cd /Users/timyu/Desktop/EasyRide_App
    builtin-copy -exclude .DS_Store -exclude CVS -exclude .svn -exclude .git -exclude .hg -resolve-src-symlinks /Users/timyu/Desktop/EasyRide_App/EasyRide/Documentation/OrientationDeviceSupportGuide.md /Users/timyu/Library/Developer/Xcode/DerivedData/EasyRide-beugqklueywnwjdnocpyhdzzhnze/Build/Products/Debug-iphonesimulator/EasyRide.app

CpResource /Users/timyu/Library/Developer/Xcode/DerivedData/EasyRide-beugqklueywnwjdnocpyhdzzhnze/Build/Products/Debug-iphonesimulator/EasyRide.app/InternationalizationGuide.md /Users/timyu/Desktop/EasyRide_App/EasyRide/Documentation/InternationalizationGuide.md (in target 'EasyRide' from project 'EasyRide')
    cd /Users/timyu/Desktop/EasyRide_App
    builtin-copy -exclude .DS_Store -exclude CVS -exclude .svn -exclude .git -exclude .hg -resolve-src-symlinks /Users/timyu/Desktop/EasyRide_App/EasyRide/Documentation/InternationalizationGuide.md /Users/timyu/Library/Developer/Xcode/DerivedData/EasyRide-beugqklueywnwjdnocpyhdzzhnze/Build/Products/Debug-iphonesimulator/EasyRide.app

CpResource /Users/timyu/Library/Developer/Xcode/DerivedData/EasyRide-beugqklueywnwjdnocpyhdzzhnze/Build/Products/Debug-iphonesimulator/EasyRide.app/AccessibilityGuide.md /Users/timyu/Desktop/EasyRide_App/EasyRide/Documentation/AccessibilityGuide.md (in target 'EasyRide' from project 'EasyRide')
    cd /Users/timyu/Desktop/EasyRide_App
    builtin-copy -exclude .DS_Store -exclude CVS -exclude .svn -exclude .git -exclude .hg -resolve-src-symlinks /Users/timyu/Desktop/EasyRide_App/EasyRide/Documentation/AccessibilityGuide.md /Users/timyu/Library/Developer/Xcode/DerivedData/EasyRide-beugqklueywnwjdnocpyhdzzhnze/Build/Products/Debug-iphonesimulator/EasyRide.app

CopyStringsFile /Users/timyu/Library/Developer/Xcode/DerivedData/EasyRide-beugqklueywnwjdnocpyhdzzhnze/Build/Products/Debug-iphonesimulator/EasyRide.app/es.lproj/Localizable.strings /Users/timyu/Desktop/EasyRide_App/EasyRide/Resources/es.lproj/Localizable.strings (in target 'EasyRide' from project 'EasyRide')
    cd /Users/timyu/Desktop/EasyRide_App
    builtin-copyStrings --validate --outputencoding binary --outfilename Localizable.strings --outdir /Users/timyu/Library/Developer/Xcode/DerivedData/EasyRide-beugqklueywnwjdnocpyhdzzhnze/Build/Products/Debug-iphonesimulator/EasyRide.app/es.lproj -- /Users/timyu/Desktop/EasyRide_App/EasyRide/Resources/es.lproj/Localizable.strings
/Users/timyu/Desktop/EasyRide_App/EasyRide/Resources/es.lproj/Localizable.strings:1:1: note: detected encoding of input file as Unicode (UTF-8) (in target 'EasyRide' from project 'EasyRide')

CopyStringsFile /Users/timyu/Library/Developer/Xcode/DerivedData/EasyRide-beugqklueywnwjdnocpyhdzzhnze/Build/Products/Debug-iphonesimulator/EasyRide.app/zh-Hans.lproj/Localizable.strings /Users/timyu/Desktop/EasyRide_App/EasyRide/Resources/zh-Hans.lproj/Localizable.strings (in target 'EasyRide' from project 'EasyRide')
    cd /Users/timyu/Desktop/EasyRide_App
    builtin-copyStrings --validate --outputencoding binary --outfilename Localizable.strings --outdir /Users/timyu/Library/Developer/Xcode/DerivedData/EasyRide-beugqklueywnwjdnocpyhdzzhnze/Build/Products/Debug-iphonesimulator/EasyRide.app/zh-Hans.lproj -- /Users/timyu/Desktop/EasyRide_App/EasyRide/Resources/zh-Hans.lproj/Localizable.strings
/Users/timyu/Desktop/EasyRide_App/EasyRide/Resources/zh-Hans.lproj/Localizable.strings:1:1: note: detected encoding of input file as Unicode (UTF-8) (in target 'EasyRide' from project 'EasyRide')

CopyStringsFile /Users/timyu/Library/Developer/Xcode/DerivedData/EasyRide-beugqklueywnwjdnocpyhdzzhnze/Build/Products/Debug-iphonesimulator/EasyRide.app/en.lproj/Localizable.strings /Users/timyu/Desktop/EasyRide_App/EasyRide/Resources/en.lproj/Localizable.strings (in target 'EasyRide' from project 'EasyRide')
    cd /Users/timyu/Desktop/EasyRide_App
    builtin-copyStrings --validate --outputencoding binary --outfilename Localizable.strings --outdir /Users/timyu/Library/Developer/Xcode/DerivedData/EasyRide-beugqklueywnwjdnocpyhdzzhnze/Build/Products/Debug-iphonesimulator/EasyRide.app/en.lproj -- /Users/timyu/Desktop/EasyRide_App/EasyRide/Resources/en.lproj/Localizable.strings
/Users/timyu/Desktop/EasyRide_App/EasyRide/Resources/en.lproj/Localizable.strings:1:1: note: detected encoding of input file as Unicode (UTF-8) (in target 'EasyRide' from project 'EasyRide')

CompileAssetCatalogVariant thinned /Users/timyu/Library/Developer/Xcode/DerivedData/EasyRide-beugqklueywnwjdnocpyhdzzhnze/Build/Products/Debug-iphonesimulator/EasyRide.app /Users/timyu/Desktop/EasyRide_App/EasyRide/Assets.xcassets (in target 'EasyRide' from project 'EasyRide')
    cd /Users/timyu/Desktop/EasyRide_App
    /Applications/Xcode.app/Contents/Developer/usr/bin/actool /Users/timyu/Desktop/EasyRide_App/EasyRide/Assets.xcassets --compile /Users/timyu/Library/Developer/Xcode/DerivedData/EasyRide-beugqklueywnwjdnocpyhdzzhnze/Build/Intermediates.noindex/EasyRide.build/Debug-iphonesimulator/EasyRide.build/assetcatalog_output/thinned --output-format human-readable-text --notices --warnings --export-dependency-info /Users/timyu/Library/Developer/Xcode/DerivedData/EasyRide-beugqklueywnwjdnocpyhdzzhnze/Build/Intermediates.noindex/EasyRide.build/Debug-iphonesimulator/EasyRide.build/assetcatalog_dependencies_thinned --output-partial-info-plist /Users/timyu/Library/Developer/Xcode/DerivedData/EasyRide-beugqklueywnwjdnocpyhdzzhnze/Build/Intermediates.noindex/EasyRide.build/Debug-iphonesimulator/EasyRide.build/assetcatalog_generated_info.plist_thinned --app-icon AppIcon --accent-color AccentColor --compress-pngs --enable-on-demand-resources YES --development-region en --target-device iphone --target-device ipad --minimum-deployment-target 18.0 --platform iphonesimulator
/Users/timyu/Desktop/EasyRide_App/EasyRide/ContentView.swift:176:3: error: extraneous '}' at top level
  }
  ^
  
/Users/timyu/Desktop/EasyRide_App/EasyRide/ContentView.swift:176:3: error: extraneous '}' at top level
  }
  ^
  

CreateUniversalBinary /Users/timyu/Library/Developer/Xcode/DerivedData/EasyRide-beugqklueywnwjdnocpyhdzzhnze/Build/Products/Debug-iphonesimulator/EasyRide.app/__preview.dylib normal arm64\ x86_64 (in target 'EasyRide' from project 'EasyRide')
    cd /Users/timyu/Desktop/EasyRide_App
    /Applications/Xcode.app/Contents/Developer/Toolchains/XcodeDefault.xctoolchain/usr/bin/lipo -create /Users/timyu/Library/Developer/Xcode/DerivedData/EasyRide-beugqklueywnwjdnocpyhdzzhnze/Build/Intermediates.noindex/EasyRide.build/Debug-iphonesimulator/EasyRide.build/Objects-normal/arm64/Binary/__preview.dylib /Users/timyu/Library/Developer/Xcode/DerivedData/EasyRide-beugqklueywnwjdnocpyhdzzhnze/Build/Intermediates.noindex/EasyRide.build/Debug-iphonesimulator/EasyRide.build/Objects-normal/x86_64/Binary/__preview.dylib -output /Users/timyu/Library/Developer/Xcode/DerivedData/EasyRide-beugqklueywnwjdnocpyhdzzhnze/Build/Products/Debug-iphonesimulator/EasyRide.app/__preview.dylib

SwiftDriver EasyRide normal arm64 com.apple.xcode.tools.swift.compiler (in target 'EasyRide' from project 'EasyRide')
    cd /Users/timyu/Desktop/EasyRide_App
    builtin-SwiftDriver -- /Applications/Xcode.app/Contents/Developer/Toolchains/XcodeDefault.xctoolchain/usr/bin/swiftc -module-name EasyRide -Onone -enforce-exclusivity\=checked @/Users/timyu/Library/Developer/Xcode/DerivedData/EasyRide-beugqklueywnwjdnocpyhdzzhnze/Build/Intermediates.noindex/EasyRide.build/Debug-iphonesimulator/EasyRide.build/Objects-normal/arm64/EasyRide.SwiftFileList -DDEBUG -enable-bare-slash-regex -enable-experimental-feature DebugDescriptionMacro -sdk /Applications/Xcode.app/Contents/Developer/Platforms/iPhoneSimulator.platform/Developer/SDKs/iPhoneSimulator26.2.sdk -target arm64-apple-ios18.0-simulator -g -module-cache-path /Users/timyu/Library/Developer/Xcode/DerivedData/ModuleCache.noindex -Xfrontend -serialize-debugging-options -profile-coverage-mapping -profile-generate -enable-testing -index-store-path /Users/timyu/Library/Developer/Xcode/DerivedData/EasyRide-beugqklueywnwjdnocpyhdzzhnze/Index.noindex/DataStore -Xcc -D_LIBCPP_HARDENING_MODE\=_LIBCPP_HARDENING_MODE_DEBUG -swift-version 5 -I /Users/timyu/Library/Developer/Xcode/DerivedData/EasyRide-beugqklueywnwjdnocpyhdzzhnze/Build/Products/Debug-iphonesimulator -F /Users/timyu/Library/Developer/Xcode/DerivedData/EasyRide-beugqklueywnwjdnocpyhdzzhnze/Build/Products/Debug-iphonesimulator -emit-localized-strings -emit-localized-strings-path /Users/timyu/Library/Developer/Xcode/DerivedData/EasyRide-beugqklueywnwjdnocpyhdzzhnze/Build/Intermediates.noindex/EasyRide.build/Debug-iphonesimulator/EasyRide.build/Objects-normal/arm64 -c -j8 -enable-batch-mode -incremental -Xcc -ivfsstatcache -Xcc /Users/timyu/Library/Developer/Xcode/DerivedData/SDKStatCaches.noindex/iphonesimulator26.2-23C53-7d00a8b37fbd7999ea79df8ebc024bf0.sdkstatcache -output-file-map /Users/timyu/Library/Developer/Xcode/DerivedData/EasyRide-beugqklueywnwjdnocpyhdzzhnze/Build/Intermediates.noindex/EasyRide.build/Debug-iphonesimulator/EasyRide.build/Objects-normal/arm64/EasyRide-OutputFileMap.json -use-frontend-parseable-output -save-temps -no-color-diagnostics -explicit-module-build -module-cache-path /Users/timyu/Library/Developer/Xcode/DerivedData/EasyRide-beugqklueywnwjdnocpyhdzzhnze/Build/Intermediates.noindex/SwiftExplicitPrecompiledModules -clang-scanner-module-cache-path /Users/timyu/Library/Developer/Xcode/DerivedData/ModuleCache.noindex -sdk-module-cache-path /Users/timyu/Library/Developer/Xcode/DerivedData/ModuleCache.noindex -serialize-diagnostics -emit-dependencies -emit-module -emit-module-path /Users/timyu/Library/Developer/Xcode/DerivedData/EasyRide-beugqklueywnwjdnocpyhdzzhnze/Build/Intermediates.noindex/EasyRide.build/Debug-iphonesimulator/EasyRide.build/Objects-normal/arm64/EasyRide.swiftmodule -validate-clang-modules-once -clang-build-session-file /Users/timyu/Library/Developer/Xcode/DerivedData/ModuleCache.noindex/Session.modulevalidation -Xcc -I/Users/timyu/Library/Developer/Xcode/DerivedData/EasyRide-beugqklueywnwjdnocpyhdzzhnze/Build/Intermediates.noindex/EasyRide.build/Debug-iphonesimulator/EasyRide.build/swift-overrides.hmap -emit-const-values -Xfrontend -const-gather-protocols-file -Xfrontend /Users/timyu/Library/Developer/Xcode/DerivedData/EasyRide-beugqklueywnwjdnocpyhdzzhnze/Build/Intermediates.noindex/EasyRide.build/Debug-iphonesimulator/EasyRide.build/Objects-normal/arm64/EasyRide_const_extract_protocols.json -Xcc -iquote -Xcc /Users/timyu/Library/Developer/Xcode/DerivedData/EasyRide-beugqklueywnwjdnocpyhdzzhnze/Build/Intermediates.noindex/EasyRide.build/Debug-iphonesimulator/EasyRide.build/EasyRide-generated-files.hmap -Xcc -I/Users/timyu/Library/Developer/Xcode/DerivedData/EasyRide-beugqklueywnwjdnocpyhdzzhnze/Build/Intermediates.noindex/EasyRide.build/Debug-iphonesimulator/EasyRide.build/EasyRide-own-target-headers.hmap -Xcc -I/Users/timyu/Library/Developer/Xcode/DerivedData/EasyRide-beugqklueywnwjdnocpyhdzzhnze/Build/Intermediates.noindex/EasyRide.build/Debug-iphonesimulator/EasyRide.build/EasyRide-all-target-headers.hmap -Xcc -iquote -Xcc /Users/timyu/Library/Developer/Xcode/DerivedData/EasyRide-beugqklueywnwjdnocpyhdzzhnze/Build/Intermediates.noindex/EasyRide.build/Debug-iphonesimulator/EasyRide.build/EasyRide-project-headers.hmap -Xcc -I/Users/timyu/Library/Developer/Xcode/DerivedData/EasyRide-beugqklueywnwjdnocpyhdzzhnze/Build/Products/Debug-iphonesimulator/include -Xcc -I/Users/timyu/Library/Developer/Xcode/DerivedData/EasyRide-beugqklueywnwjdnocpyhdzzhnze/Build/Intermediates.noindex/EasyRide.build/Debug-iphonesimulator/EasyRide.build/DerivedSources-normal/arm64 -Xcc -I/Users/timyu/Library/Developer/Xcode/DerivedData/EasyRide-beugqklueywnwjdnocpyhdzzhnze/Build/Intermediates.noindex/EasyRide.build/Debug-iphonesimulator/EasyRide.build/DerivedSources/arm64 -Xcc -I/Users/timyu/Library/Developer/Xcode/DerivedData/EasyRide-beugqklueywnwjdnocpyhdzzhnze/Build/Intermediates.noindex/EasyRide.build/Debug-iphonesimulator/EasyRide.build/DerivedSources -Xcc -DDEBUG\=1 -emit-objc-header -emit-objc-header-path /Users/timyu/Library/Developer/Xcode/DerivedData/EasyRide-beugqklueywnwjdnocpyhdzzhnze/Build/Intermediates.noindex/EasyRide.build/Debug-iphonesimulator/EasyRide.build/Objects-normal/arm64/EasyRide-Swift.h -working-directory /Users/timyu/Desktop/EasyRide_App -experimental-emit-module-separately -disable-cmo
/Users/timyu/Desktop/EasyRide_App/EasyRide/ContentView.swift:176:3: error: Extraneous '}' at top level
  }
  ^
   (in target 'EasyRide' from project 'EasyRide')

SwiftDriver EasyRide normal x86_64 com.apple.xcode.tools.swift.compiler (in target 'EasyRide' from project 'EasyRide')
    cd /Users/timyu/Desktop/EasyRide_App
    builtin-SwiftDriver -- /Applications/Xcode.app/Contents/Developer/Toolchains/XcodeDefault.xctoolchain/usr/bin/swiftc -module-name EasyRide -Onone -enforce-exclusivity\=checked @/Users/timyu/Library/Developer/Xcode/DerivedData/EasyRide-beugqklueywnwjdnocpyhdzzhnze/Build/Intermediates.noindex/EasyRide.build/Debug-iphonesimulator/EasyRide.build/Objects-normal/x86_64/EasyRide.SwiftFileList -DDEBUG -enable-bare-slash-regex -enable-experimental-feature DebugDescriptionMacro -sdk /Applications/Xcode.app/Contents/Developer/Platforms/iPhoneSimulator.platform/Developer/SDKs/iPhoneSimulator26.2.sdk -target x86_64-apple-ios18.0-simulator -g -module-cache-path /Users/timyu/Library/Developer/Xcode/DerivedData/ModuleCache.noindex -Xfrontend -serialize-debugging-options -profile-coverage-mapping -profile-generate -enable-testing -index-store-path /Users/timyu/Library/Developer/Xcode/DerivedData/EasyRide-beugqklueywnwjdnocpyhdzzhnze/Index.noindex/DataStore -Xcc -D_LIBCPP_HARDENING_MODE\=_LIBCPP_HARDENING_MODE_DEBUG -swift-version 5 -I /Users/timyu/Library/Developer/Xcode/DerivedData/EasyRide-beugqklueywnwjdnocpyhdzzhnze/Build/Products/Debug-iphonesimulator -F /Users/timyu/Library/Developer/Xcode/DerivedData/EasyRide-beugqklueywnwjdnocpyhdzzhnze/Build/Products/Debug-iphonesimulator -emit-localized-strings -emit-localized-strings-path /Users/timyu/Library/Developer/Xcode/DerivedData/EasyRide-beugqklueywnwjdnocpyhdzzhnze/Build/Intermediates.noindex/EasyRide.build/Debug-iphonesimulator/EasyRide.build/Objects-normal/x86_64 -c -j8 -enable-batch-mode -incremental -Xcc -ivfsstatcache -Xcc /Users/timyu/Library/Developer/Xcode/DerivedData/SDKStatCaches.noindex/iphonesimulator26.2-23C53-7d00a8b37fbd7999ea79df8ebc024bf0.sdkstatcache -output-file-map /Users/timyu/Library/Developer/Xcode/DerivedData/EasyRide-beugqklueywnwjdnocpyhdzzhnze/Build/Intermediates.noindex/EasyRide.build/Debug-iphonesimulator/EasyRide.build/Objects-normal/x86_64/EasyRide-OutputFileMap.json -use-frontend-parseable-output -save-temps -no-color-diagnostics -explicit-module-build -module-cache-path /Users/timyu/Library/Developer/Xcode/DerivedData/EasyRide-beugqklueywnwjdnocpyhdzzhnze/Build/Intermediates.noindex/SwiftExplicitPrecompiledModules -clang-scanner-module-cache-path /Users/timyu/Library/Developer/Xcode/DerivedData/ModuleCache.noindex -sdk-module-cache-path /Users/timyu/Library/Developer/Xcode/DerivedData/ModuleCache.noindex -serialize-diagnostics -emit-dependencies -emit-module -emit-module-path /Users/timyu/Library/Developer/Xcode/DerivedData/EasyRide-beugqklueywnwjdnocpyhdzzhnze/Build/Intermediates.noindex/EasyRide.build/Debug-iphonesimulator/EasyRide.build/Objects-normal/x86_64/EasyRide.swiftmodule -validate-clang-modules-once -clang-build-session-file /Users/timyu/Library/Developer/Xcode/DerivedData/ModuleCache.noindex/Session.modulevalidation -Xcc -I/Users/timyu/Library/Developer/Xcode/DerivedData/EasyRide-beugqklueywnwjdnocpyhdzzhnze/Build/Intermediates.noindex/EasyRide.build/Debug-iphonesimulator/EasyRide.build/swift-overrides.hmap -emit-const-values -Xfrontend -const-gather-protocols-file -Xfrontend /Users/timyu/Library/Developer/Xcode/DerivedData/EasyRide-beugqklueywnwjdnocpyhdzzhnze/Build/Intermediates.noindex/EasyRide.build/Debug-iphonesimulator/EasyRide.build/Objects-normal/x86_64/EasyRide_const_extract_protocols.json -Xcc -iquote -Xcc /Users/timyu/Library/Developer/Xcode/DerivedData/EasyRide-beugqklueywnwjdnocpyhdzzhnze/Build/Intermediates.noindex/EasyRide.build/Debug-iphonesimulator/EasyRide.build/EasyRide-generated-files.hmap -Xcc -I/Users/timyu/Library/Developer/Xcode/DerivedData/EasyRide-beugqklueywnwjdnocpyhdzzhnze/Build/Intermediates.noindex/EasyRide.build/Debug-iphonesimulator/EasyRide.build/EasyRide-own-target-headers.hmap -Xcc -I/Users/timyu/Library/Developer/Xcode/DerivedData/EasyRide-beugqklueywnwjdnocpyhdzzhnze/Build/Intermediates.noindex/EasyRide.build/Debug-iphonesimulator/EasyRide.build/EasyRide-all-target-headers.hmap -Xcc -iquote -Xcc /Users/timyu/Library/Developer/Xcode/DerivedData/EasyRide-beugqklueywnwjdnocpyhdzzhnze/Build/Intermediates.noindex/EasyRide.build/Debug-iphonesimulator/EasyRide.build/EasyRide-project-headers.hmap -Xcc -I/Users/timyu/Library/Developer/Xcode/DerivedData/EasyRide-beugqklueywnwjdnocpyhdzzhnze/Build/Products/Debug-iphonesimulator/include -Xcc -I/Users/timyu/Library/Developer/Xcode/DerivedData/EasyRide-beugqklueywnwjdnocpyhdzzhnze/Build/Intermediates.noindex/EasyRide.build/Debug-iphonesimulator/EasyRide.build/DerivedSources-normal/x86_64 -Xcc -I/Users/timyu/Library/Developer/Xcode/DerivedData/EasyRide-beugqklueywnwjdnocpyhdzzhnze/Build/Intermediates.noindex/EasyRide.build/Debug-iphonesimulator/EasyRide.build/DerivedSources/x86_64 -Xcc -I/Users/timyu/Library/Developer/Xcode/DerivedData/EasyRide-beugqklueywnwjdnocpyhdzzhnze/Build/Intermediates.noindex/EasyRide.build/Debug-iphonesimulator/EasyRide.build/DerivedSources -Xcc -DDEBUG\=1 -emit-objc-header -emit-objc-header-path /Users/timyu/Library/Developer/Xcode/DerivedData/EasyRide-beugqklueywnwjdnocpyhdzzhnze/Build/Intermediates.noindex/EasyRide.build/Debug-iphonesimulator/EasyRide.build/Objects-normal/x86_64/EasyRide-Swift.h -working-directory /Users/timyu/Desktop/EasyRide_App -experimental-emit-module-separately -disable-cmo
/Users/timyu/Desktop/EasyRide_App/EasyRide/ContentView.swift:176:3: error: Extraneous '}' at top level
  }
  ^
   (in target 'EasyRide' from project 'EasyRide')

** BUILD FAILED **


The following build commands failed:
	SwiftDriver EasyRide normal arm64 com.apple.xcode.tools.swift.compiler (in target 'EasyRide' from project 'EasyRide')
	SwiftDriver EasyRide normal x86_64 com.apple.xcode.tools.swift.compiler (in target 'EasyRide' from project 'EasyRide')
	Building project EasyRide with scheme EasyRide
(3 failures)
