Command line invocation:
    /Applications/Xcode.app/Contents/Developer/usr/bin/xcodebuild -scheme EasyRide -destination "generic/platform=iOS Simulator" clean build

2026-01-08 16:11:03.819 xcodebuild[17997:119559] [MT] IDERunDestination: Supported platforms for the buildables in the current scheme is empty.
CreateBuildRequest

SendProjectDescription

CreateBuildOperation

** CLEAN SUCCEEDED **

ComputePackagePrebuildTargetDependencyGraph

Prepare packages

CreateBuildRequest

SendProjectDescription

CreateBuildOperation

ComputeTargetDependencyGraph
note: Building targets in dependency order
note: Target dependency graph (1 target)
    Target 'EasyRide' in project 'EasyRide' (no dependencies)

GatherProvisioningInputs

CreateBuildDescription

ExecuteExternalTool /Applications/Xcode.app/Contents/Developer/Toolchains/XcodeDefault.xctoolchain/usr/bin/clang -v -E -dM -isysroot /Applications/Xcode.app/Contents/Developer/Platforms/iPhoneSimulator.platform/Developer/SDKs/iPhoneSimulator26.2.sdk -x c -c /dev/null

ExecuteExternalTool /Applications/Xcode.app/Contents/Developer/usr/bin/actool --print-asset-tag-combinations --output-format xml1 /Users/timyu/Desktop/EasyRide_App/EasyRide/Assets.xcassets

ExecuteExternalTool /Applications/Xcode.app/Contents/Developer/usr/bin/actool --version --output-format xml1

ExecuteExternalTool /Applications/Xcode.app/Contents/Developer/Toolchains/XcodeDefault.xctoolchain/usr/bin/swiftc --version

ExecuteExternalTool /Applications/Xcode.app/Contents/Developer/Toolchains/XcodeDefault.xctoolchain/usr/bin/ld -version_details

Build description signature: c0ee741823adb6ed03b853a0cf82ebaf
Build description path: /Users/timyu/Library/Developer/Xcode/DerivedData/EasyRide-beugqklueywnwjdnocpyhdzzhnze/Build/Intermediates.noindex/XCBuildData/c0ee741823adb6ed03b853a0cf82ebaf.xcbuilddata
ClangStatCache /Applications/Xcode.app/Contents/Developer/Toolchains/XcodeDefault.xctoolchain/usr/bin/clang-stat-cache /Applications/Xcode.app/Contents/Developer/Platforms/iPhoneSimulator.platform/Developer/SDKs/iPhoneSimulator26.2.sdk /Users/timyu/Library/Developer/Xcode/DerivedData/SDKStatCaches.noindex/iphonesimulator26.2-23C53-7d00a8b37fbd7999ea79df8ebc024bf0.sdkstatcache
    cd /Users/timyu/Desktop/EasyRide_App/EasyRide.xcodeproj
    /Applications/Xcode.app/Contents/Developer/Toolchains/XcodeDefault.xctoolchain/usr/bin/clang-stat-cache /Applications/Xcode.app/Contents/Developer/Platforms/iPhoneSimulator.platform/Developer/SDKs/iPhoneSimulator26.2.sdk -o /Users/timyu/Library/Developer/Xcode/DerivedData/SDKStatCaches.noindex/iphonesimulator26.2-23C53-7d00a8b37fbd7999ea79df8ebc024bf0.sdkstatcache

CreateBuildDirectory /Users/timyu/Library/Developer/Xcode/DerivedData/EasyRide-beugqklueywnwjdnocpyhdzzhnze/Build/Products
    cd /Users/timyu/Desktop/EasyRide_App/EasyRide.xcodeproj
    builtin-create-build-directory /Users/timyu/Library/Developer/Xcode/DerivedData/EasyRide-beugqklueywnwjdnocpyhdzzhnze/Build/Products

CreateBuildDirectory /Users/timyu/Library/Developer/Xcode/DerivedData/EasyRide-beugqklueywnwjdnocpyhdzzhnze/Build/Intermediates.noindex
    cd /Users/timyu/Desktop/EasyRide_App/EasyRide.xcodeproj
    builtin-create-build-directory /Users/timyu/Library/Developer/Xcode/DerivedData/EasyRide-beugqklueywnwjdnocpyhdzzhnze/Build/Intermediates.noindex

CreateBuildDirectory /Users/timyu/Library/Developer/Xcode/DerivedData/EasyRide-beugqklueywnwjdnocpyhdzzhnze/Build/Intermediates.noindex/SwiftExplicitPrecompiledModules
    cd /Users/timyu/Desktop/EasyRide_App/EasyRide.xcodeproj
    builtin-create-build-directory /Users/timyu/Library/Developer/Xcode/DerivedData/EasyRide-beugqklueywnwjdnocpyhdzzhnze/Build/Intermediates.noindex/SwiftExplicitPrecompiledModules

CreateBuildDirectory /Users/timyu/Library/Developer/Xcode/DerivedData/EasyRide-beugqklueywnwjdnocpyhdzzhnze/Build/Intermediates.noindex/ExplicitPrecompiledModules
    cd /Users/timyu/Desktop/EasyRide_App/EasyRide.xcodeproj
    builtin-create-build-directory /Users/timyu/Library/Developer/Xcode/DerivedData/EasyRide-beugqklueywnwjdnocpyhdzzhnze/Build/Intermediates.noindex/ExplicitPrecompiledModules

CreateBuildDirectory /Users/timyu/Library/Developer/Xcode/DerivedData/EasyRide-beugqklueywnwjdnocpyhdzzhnze/Build/Products/Debug-iphonesimulator
    cd /Users/timyu/Desktop/EasyRide_App/EasyRide.xcodeproj
    builtin-create-build-directory /Users/timyu/Library/Developer/Xcode/DerivedData/EasyRide-beugqklueywnwjdnocpyhdzzhnze/Build/Products/Debug-iphonesimulator

CreateBuildDirectory /Users/timyu/Library/Developer/Xcode/DerivedData/EasyRide-beugqklueywnwjdnocpyhdzzhnze/Build/Intermediates.noindex/EagerLinkingTBDs/Debug-iphonesimulator
    cd /Users/timyu/Desktop/EasyRide_App/EasyRide.xcodeproj
    builtin-create-build-directory /Users/timyu/Library/Developer/Xcode/DerivedData/EasyRide-beugqklueywnwjdnocpyhdzzhnze/Build/Intermediates.noindex/EagerLinkingTBDs/Debug-iphonesimulator

WriteAuxiliaryFile /Users/timyu/Library/Developer/Xcode/DerivedData/EasyRide-beugqklueywnwjdnocpyhdzzhnze/Build/Intermediates.noindex/EasyRide.build/Debug-iphonesimulator/EasyRide-a253cebb47d92f541136c7339b47d029-VFS-iphonesimulator/all-product-headers.yaml
    cd /Users/timyu/Desktop/EasyRide_App/EasyRide.xcodeproj
    write-file /Users/timyu/Library/Developer/Xcode/DerivedData/EasyRide-beugqklueywnwjdnocpyhdzzhnze/Build/Intermediates.noindex/EasyRide.build/Debug-iphonesimulator/EasyRide-a253cebb47d92f541136c7339b47d029-VFS-iphonesimulator/all-product-headers.yaml

WriteAuxiliaryFile /Users/timyu/Library/Developer/Xcode/DerivedData/EasyRide-beugqklueywnwjdnocpyhdzzhnze/Build/Intermediates.noindex/EasyRide.build/Debug-iphonesimulator/EasyRide.build/empty-EasyRide.plist (in target 'EasyRide' from project 'EasyRide')
    cd /Users/timyu/Desktop/EasyRide_App
    write-file /Users/timyu/Library/Developer/Xcode/DerivedData/EasyRide-beugqklueywnwjdnocpyhdzzhnze/Build/Intermediates.noindex/EasyRide.build/Debug-iphonesimulator/EasyRide.build/empty-EasyRide.plist

WriteAuxiliaryFile /Users/timyu/Library/Developer/Xcode/DerivedData/EasyRide-beugqklueywnwjdnocpyhdzzhnze/Build/Intermediates.noindex/EasyRide.build/Debug-iphonesimulator/EasyRide.build/Objects-normal/x86_64/EasyRide.SwiftConstValuesFileList (in target 'EasyRide' from project 'EasyRide')
    cd /Users/timyu/Desktop/EasyRide_App
    write-file /Users/timyu/Library/Developer/Xcode/DerivedData/EasyRide-beugqklueywnwjdnocpyhdzzhnze/Build/Intermediates.noindex/EasyRide.build/Debug-iphonesimulator/EasyRide.build/Objects-normal/x86_64/EasyRide.SwiftConstValuesFileList

WriteAuxiliaryFile /Users/timyu/Library/Developer/Xcode/DerivedData/EasyRide-beugqklueywnwjdnocpyhdzzhnze/Build/Intermediates.noindex/EasyRide.build/Debug-iphonesimulator/EasyRide.build/Objects-normal/x86_64/EasyRide_const_extract_protocols.json (in target 'EasyRide' from project 'EasyRide')
    cd /Users/timyu/Desktop/EasyRide_App
    write-file /Users/timyu/Library/Developer/Xcode/DerivedData/EasyRide-beugqklueywnwjdnocpyhdzzhnze/Build/Intermediates.noindex/EasyRide.build/Debug-iphonesimulator/EasyRide.build/Objects-normal/x86_64/EasyRide_const_extract_protocols.json

WriteAuxiliaryFile /Users/timyu/Library/Developer/Xcode/DerivedData/EasyRide-beugqklueywnwjdnocpyhdzzhnze/Build/Intermediates.noindex/EasyRide.build/Debug-iphonesimulator/EasyRide.build/Objects-normal/x86_64/EasyRide-OutputFileMap.json (in target 'EasyRide' from project 'EasyRide')
    cd /Users/timyu/Desktop/EasyRide_App
    write-file /Users/timyu/Library/Developer/Xcode/DerivedData/EasyRide-beugqklueywnwjdnocpyhdzzhnze/Build/Intermediates.noindex/EasyRide.build/Debug-iphonesimulator/EasyRide.build/Objects-normal/x86_64/EasyRide-OutputFileMap.json

WriteAuxiliaryFile /Users/timyu/Library/Developer/Xcode/DerivedData/EasyRide-beugqklueywnwjdnocpyhdzzhnze/Build/Intermediates.noindex/EasyRide.build/Debug-iphonesimulator/EasyRide.build/Objects-normal/x86_64/EasyRide.LinkFileList (in target 'EasyRide' from project 'EasyRide')
    cd /Users/timyu/Desktop/EasyRide_App
    write-file /Users/timyu/Library/Developer/Xcode/DerivedData/EasyRide-beugqklueywnwjdnocpyhdzzhnze/Build/Intermediates.noindex/EasyRide.build/Debug-iphonesimulator/EasyRide.build/Objects-normal/x86_64/EasyRide.LinkFileList

WriteAuxiliaryFile /Users/timyu/Library/Developer/Xcode/DerivedData/EasyRide-beugqklueywnwjdnocpyhdzzhnze/Build/Intermediates.noindex/EasyRide.build/Debug-iphonesimulator/EasyRide.build/Objects-normal/arm64/EasyRide_const_extract_protocols.json (in target 'EasyRide' from project 'EasyRide')
    cd /Users/timyu/Desktop/EasyRide_App
    write-file /Users/timyu/Library/Developer/Xcode/DerivedData/EasyRide-beugqklueywnwjdnocpyhdzzhnze/Build/Intermediates.noindex/EasyRide.build/Debug-iphonesimulator/EasyRide.build/Objects-normal/arm64/EasyRide_const_extract_protocols.json

WriteAuxiliaryFile /Users/timyu/Library/Developer/Xcode/DerivedData/EasyRide-beugqklueywnwjdnocpyhdzzhnze/Build/Intermediates.noindex/EasyRide.build/Debug-iphonesimulator/EasyRide.build/Objects-normal/x86_64/EasyRide.SwiftFileList (in target 'EasyRide' from project 'EasyRide')
    cd /Users/timyu/Desktop/EasyRide_App
    write-file /Users/timyu/Library/Developer/Xcode/DerivedData/EasyRide-beugqklueywnwjdnocpyhdzzhnze/Build/Intermediates.noindex/EasyRide.build/Debug-iphonesimulator/EasyRide.build/Objects-normal/x86_64/EasyRide.SwiftFileList

WriteAuxiliaryFile /Users/timyu/Library/Developer/Xcode/DerivedData/EasyRide-beugqklueywnwjdnocpyhdzzhnze/Build/Intermediates.noindex/EasyRide.build/Debug-iphonesimulator/EasyRide.build/Objects-normal/arm64/EasyRide.SwiftFileList (in target 'EasyRide' from project 'EasyRide')
    cd /Users/timyu/Desktop/EasyRide_App
    write-file /Users/timyu/Library/Developer/Xcode/DerivedData/EasyRide-beugqklueywnwjdnocpyhdzzhnze/Build/Intermediates.noindex/EasyRide.build/Debug-iphonesimulator/EasyRide.build/Objects-normal/arm64/EasyRide.SwiftFileList

WriteAuxiliaryFile /Users/timyu/Library/Developer/Xcode/DerivedData/EasyRide-beugqklueywnwjdnocpyhdzzhnze/Build/Intermediates.noindex/EasyRide.build/Debug-iphonesimulator/EasyRide.build/Objects-normal/arm64/EasyRide.SwiftConstValuesFileList (in target 'EasyRide' from project 'EasyRide')
    cd /Users/timyu/Desktop/EasyRide_App
    write-file /Users/timyu/Library/Developer/Xcode/DerivedData/EasyRide-beugqklueywnwjdnocpyhdzzhnze/Build/Intermediates.noindex/EasyRide.build/Debug-iphonesimulator/EasyRide.build/Objects-normal/arm64/EasyRide.SwiftConstValuesFileList

WriteAuxiliaryFile /Users/timyu/Library/Developer/Xcode/DerivedData/EasyRide-beugqklueywnwjdnocpyhdzzhnze/Build/Intermediates.noindex/EasyRide.build/Debug-iphonesimulator/EasyRide.build/Objects-normal/arm64/EasyRide.LinkFileList (in target 'EasyRide' from project 'EasyRide')
    cd /Users/timyu/Desktop/EasyRide_App
    write-file /Users/timyu/Library/Developer/Xcode/DerivedData/EasyRide-beugqklueywnwjdnocpyhdzzhnze/Build/Intermediates.noindex/EasyRide.build/Debug-iphonesimulator/EasyRide.build/Objects-normal/arm64/EasyRide.LinkFileList

WriteAuxiliaryFile /Users/timyu/Library/Developer/Xcode/DerivedData/EasyRide-beugqklueywnwjdnocpyhdzzhnze/Build/Intermediates.noindex/EasyRide.build/Debug-iphonesimulator/EasyRide.build/Objects-normal/arm64/EasyRide-OutputFileMap.json (in target 'EasyRide' from project 'EasyRide')
    cd /Users/timyu/Desktop/EasyRide_App
    write-file /Users/timyu/Library/Developer/Xcode/DerivedData/EasyRide-beugqklueywnwjdnocpyhdzzhnze/Build/Intermediates.noindex/EasyRide.build/Debug-iphonesimulator/EasyRide.build/Objects-normal/arm64/EasyRide-OutputFileMap.json

WriteAuxiliaryFile /Users/timyu/Library/Developer/Xcode/DerivedData/EasyRide-beugqklueywnwjdnocpyhdzzhnze/Build/Intermediates.noindex/EasyRide.build/Debug-iphonesimulator/EasyRide.build/EasyRide.hmap (in target 'EasyRide' from project 'EasyRide')
    cd /Users/timyu/Desktop/EasyRide_App
    write-file /Users/timyu/Library/Developer/Xcode/DerivedData/EasyRide-beugqklueywnwjdnocpyhdzzhnze/Build/Intermediates.noindex/EasyRide.build/Debug-iphonesimulator/EasyRide.build/EasyRide.hmap

WriteAuxiliaryFile /Users/timyu/Library/Developer/Xcode/DerivedData/EasyRide-beugqklueywnwjdnocpyhdzzhnze/Build/Intermediates.noindex/EasyRide.build/Debug-iphonesimulator/EasyRide.build/EasyRide.DependencyStaticMetadataFileList (in target 'EasyRide' from project 'EasyRide')
    cd /Users/timyu/Desktop/EasyRide_App
    write-file /Users/timyu/Library/Developer/Xcode/DerivedData/EasyRide-beugqklueywnwjdnocpyhdzzhnze/Build/Intermediates.noindex/EasyRide.build/Debug-iphonesimulator/EasyRide.build/EasyRide.DependencyStaticMetadataFileList

WriteAuxiliaryFile /Users/timyu/Library/Developer/Xcode/DerivedData/EasyRide-beugqklueywnwjdnocpyhdzzhnze/Build/Intermediates.noindex/EasyRide.build/Debug-iphonesimulator/EasyRide.build/EasyRide.DependencyMetadataFileList (in target 'EasyRide' from project 'EasyRide')
    cd /Users/timyu/Desktop/EasyRide_App
    write-file /Users/timyu/Library/Developer/Xcode/DerivedData/EasyRide-beugqklueywnwjdnocpyhdzzhnze/Build/Intermediates.noindex/EasyRide.build/Debug-iphonesimulator/EasyRide.build/EasyRide.DependencyMetadataFileList

WriteAuxiliaryFile /Users/timyu/Library/Developer/Xcode/DerivedData/EasyRide-beugqklueywnwjdnocpyhdzzhnze/Build/Intermediates.noindex/EasyRide.build/Debug-iphonesimulator/EasyRide.build/EasyRide-project-headers.hmap (in target 'EasyRide' from project 'EasyRide')
    cd /Users/timyu/Desktop/EasyRide_App
    write-file /Users/timyu/Library/Developer/Xcode/DerivedData/EasyRide-beugqklueywnwjdnocpyhdzzhnze/Build/Intermediates.noindex/EasyRide.build/Debug-iphonesimulator/EasyRide.build/EasyRide-project-headers.hmap

WriteAuxiliaryFile /Users/timyu/Library/Developer/Xcode/DerivedData/EasyRide-beugqklueywnwjdnocpyhdzzhnze/Build/Intermediates.noindex/EasyRide.build/Debug-iphonesimulator/EasyRide.build/EasyRide-own-target-headers.hmap (in target 'EasyRide' from project 'EasyRide')
    cd /Users/timyu/Desktop/EasyRide_App
    write-file /Users/timyu/Library/Developer/Xcode/DerivedData/EasyRide-beugqklueywnwjdnocpyhdzzhnze/Build/Intermediates.noindex/EasyRide.build/Debug-iphonesimulator/EasyRide.build/EasyRide-own-target-headers.hmap

WriteAuxiliaryFile /Users/timyu/Library/Developer/Xcode/DerivedData/EasyRide-beugqklueywnwjdnocpyhdzzhnze/Build/Intermediates.noindex/EasyRide.build/Debug-iphonesimulator/EasyRide.build/EasyRide-generated-files.hmap (in target 'EasyRide' from project 'EasyRide')
    cd /Users/timyu/Desktop/EasyRide_App
    write-file /Users/timyu/Library/Developer/Xcode/DerivedData/EasyRide-beugqklueywnwjdnocpyhdzzhnze/Build/Intermediates.noindex/EasyRide.build/Debug-iphonesimulator/EasyRide.build/EasyRide-generated-files.hmap

WriteAuxiliaryFile /Users/timyu/Library/Developer/Xcode/DerivedData/EasyRide-beugqklueywnwjdnocpyhdzzhnze/Build/Intermediates.noindex/EasyRide.build/Debug-iphonesimulator/EasyRide.build/EasyRide-all-target-headers.hmap (in target 'EasyRide' from project 'EasyRide')
    cd /Users/timyu/Desktop/EasyRide_App
    write-file /Users/timyu/Library/Developer/Xcode/DerivedData/EasyRide-beugqklueywnwjdnocpyhdzzhnze/Build/Intermediates.noindex/EasyRide.build/Debug-iphonesimulator/EasyRide.build/EasyRide-all-target-headers.hmap

WriteAuxiliaryFile /Users/timyu/Library/Developer/Xcode/DerivedData/EasyRide-beugqklueywnwjdnocpyhdzzhnze/Build/Intermediates.noindex/EasyRide.build/Debug-iphonesimulator/EasyRide.build/EasyRide-all-non-framework-target-headers.hmap (in target 'EasyRide' from project 'EasyRide')
    cd /Users/timyu/Desktop/EasyRide_App
    write-file /Users/timyu/Library/Developer/Xcode/DerivedData/EasyRide-beugqklueywnwjdnocpyhdzzhnze/Build/Intermediates.noindex/EasyRide.build/Debug-iphonesimulator/EasyRide.build/EasyRide-all-non-framework-target-headers.hmap

WriteAuxiliaryFile /Users/timyu/Library/Developer/Xcode/DerivedData/EasyRide-beugqklueywnwjdnocpyhdzzhnze/Build/Intermediates.noindex/EasyRide.build/Debug-iphonesimulator/EasyRide.build/EasyRide-DebugDylibPath-normal-x86_64.txt (in target 'EasyRide' from project 'EasyRide')
    cd /Users/timyu/Desktop/EasyRide_App
    write-file /Users/timyu/Library/Developer/Xcode/DerivedData/EasyRide-beugqklueywnwjdnocpyhdzzhnze/Build/Intermediates.noindex/EasyRide.build/Debug-iphonesimulator/EasyRide.build/EasyRide-DebugDylibPath-normal-x86_64.txt

WriteAuxiliaryFile /Users/timyu/Library/Developer/Xcode/DerivedData/EasyRide-beugqklueywnwjdnocpyhdzzhnze/Build/Intermediates.noindex/EasyRide.build/Debug-iphonesimulator/EasyRide.build/EasyRide-DebugDylibPath-normal-arm64.txt (in target 'EasyRide' from project 'EasyRide')
    cd /Users/timyu/Desktop/EasyRide_App
    write-file /Users/timyu/Library/Developer/Xcode/DerivedData/EasyRide-beugqklueywnwjdnocpyhdzzhnze/Build/Intermediates.noindex/EasyRide.build/Debug-iphonesimulator/EasyRide.build/EasyRide-DebugDylibPath-normal-arm64.txt

WriteAuxiliaryFile /Users/timyu/Library/Developer/Xcode/DerivedData/EasyRide-beugqklueywnwjdnocpyhdzzhnze/Build/Intermediates.noindex/EasyRide.build/Debug-iphonesimulator/EasyRide.build/EasyRide-DebugDylibInstallName-normal-x86_64.txt (in target 'EasyRide' from project 'EasyRide')
    cd /Users/timyu/Desktop/EasyRide_App
    write-file /Users/timyu/Library/Developer/Xcode/DerivedData/EasyRide-beugqklueywnwjdnocpyhdzzhnze/Build/Intermediates.noindex/EasyRide.build/Debug-iphonesimulator/EasyRide.build/EasyRide-DebugDylibInstallName-normal-x86_64.txt

WriteAuxiliaryFile /Users/timyu/Library/Developer/Xcode/DerivedData/EasyRide-beugqklueywnwjdnocpyhdzzhnze/Build/Intermediates.noindex/EasyRide.build/Debug-iphonesimulator/EasyRide.build/EasyRide-DebugDylibInstallName-normal-arm64.txt (in target 'EasyRide' from project 'EasyRide')
    cd /Users/timyu/Desktop/EasyRide_App
    write-file /Users/timyu/Library/Developer/Xcode/DerivedData/EasyRide-beugqklueywnwjdnocpyhdzzhnze/Build/Intermediates.noindex/EasyRide.build/Debug-iphonesimulator/EasyRide.build/EasyRide-DebugDylibInstallName-normal-arm64.txt

WriteAuxiliaryFile /Users/timyu/Library/Developer/Xcode/DerivedData/EasyRide-beugqklueywnwjdnocpyhdzzhnze/Build/Intermediates.noindex/EasyRide.build/Debug-iphonesimulator/EasyRide.build/DerivedSources/Entitlements-Simulated.plist (in target 'EasyRide' from project 'EasyRide')
    cd /Users/timyu/Desktop/EasyRide_App
    write-file /Users/timyu/Library/Developer/Xcode/DerivedData/EasyRide-beugqklueywnwjdnocpyhdzzhnze/Build/Intermediates.noindex/EasyRide.build/Debug-iphonesimulator/EasyRide.build/DerivedSources/Entitlements-Simulated.plist

MkDir /Users/timyu/Library/Developer/Xcode/DerivedData/EasyRide-beugqklueywnwjdnocpyhdzzhnze/Build/Products/Debug-iphonesimulator/EasyRide.app (in target 'EasyRide' from project 'EasyRide')
    cd /Users/timyu/Desktop/EasyRide_App
    /bin/mkdir -p /Users/timyu/Library/Developer/Xcode/DerivedData/EasyRide-beugqklueywnwjdnocpyhdzzhnze/Build/Products/Debug-iphonesimulator/EasyRide.app

ProcessProductPackaging "" /Users/timyu/Library/Developer/Xcode/DerivedData/EasyRide-beugqklueywnwjdnocpyhdzzhnze/Build/Intermediates.noindex/EasyRide.build/Debug-iphonesimulator/EasyRide.build/EasyRide.app-Simulated.xcent (in target 'EasyRide' from project 'EasyRide')
    cd /Users/timyu/Desktop/EasyRide_App
    
    Entitlements:
    
    {
    "application-identifier" = "KSGXNV23HN.com.timyu.EasyRide";
}
    
    builtin-productPackagingUtility -entitlements -format xml -o /Users/timyu/Library/Developer/Xcode/DerivedData/EasyRide-beugqklueywnwjdnocpyhdzzhnze/Build/Intermediates.noindex/EasyRide.build/Debug-iphonesimulator/EasyRide.build/EasyRide.app-Simulated.xcent

ProcessProductPackagingDER /Users/timyu/Library/Developer/Xcode/DerivedData/EasyRide-beugqklueywnwjdnocpyhdzzhnze/Build/Intermediates.noindex/EasyRide.build/Debug-iphonesimulator/EasyRide.build/EasyRide.app-Simulated.xcent /Users/timyu/Library/Developer/Xcode/DerivedData/EasyRide-beugqklueywnwjdnocpyhdzzhnze/Build/Intermediates.noindex/EasyRide.build/Debug-iphonesimulator/EasyRide.build/EasyRide.app-Simulated.xcent.der (in target 'EasyRide' from project 'EasyRide')
    cd /Users/timyu/Desktop/EasyRide_App
    /usr/bin/derq query -f xml -i /Users/timyu/Library/Developer/Xcode/DerivedData/EasyRide-beugqklueywnwjdnocpyhdzzhnze/Build/Intermediates.noindex/EasyRide.build/Debug-iphonesimulator/EasyRide.build/EasyRide.app-Simulated.xcent -o /Users/timyu/Library/Developer/Xcode/DerivedData/EasyRide-beugqklueywnwjdnocpyhdzzhnze/Build/Intermediates.noindex/EasyRide.build/Debug-iphonesimulator/EasyRide.build/EasyRide.app-Simulated.xcent.der --raw

MkDir /Users/timyu/Library/Developer/Xcode/DerivedData/EasyRide-beugqklueywnwjdnocpyhdzzhnze/Build/Intermediates.noindex/EasyRide.build/Debug-iphonesimulator/EasyRide.build/assetcatalog_output/thinned (in target 'EasyRide' from project 'EasyRide')
    cd /Users/timyu/Desktop/EasyRide_App
    /bin/mkdir -p /Users/timyu/Library/Developer/Xcode/DerivedData/EasyRide-beugqklueywnwjdnocpyhdzzhnze/Build/Intermediates.noindex/EasyRide.build/Debug-iphonesimulator/EasyRide.build/assetcatalog_output/thinned

MkDir /Users/timyu/Library/Developer/Xcode/DerivedData/EasyRide-beugqklueywnwjdnocpyhdzzhnze/Build/Intermediates.noindex/EasyRide.build/Debug-iphonesimulator/EasyRide.build/assetcatalog_output/unthinned (in target 'EasyRide' from project 'EasyRide')
    cd /Users/timyu/Desktop/EasyRide_App
    /bin/mkdir -p /Users/timyu/Library/Developer/Xcode/DerivedData/EasyRide-beugqklueywnwjdnocpyhdzzhnze/Build/Intermediates.noindex/EasyRide.build/Debug-iphonesimulator/EasyRide.build/assetcatalog_output/unthinned

Ld /Users/timyu/Library/Developer/Xcode/DerivedData/EasyRide-beugqklueywnwjdnocpyhdzzhnze/Build/Intermediates.noindex/EasyRide.build/Debug-iphonesimulator/EasyRide.build/Objects-normal/x86_64/Binary/__preview.dylib normal x86_64 (in target 'EasyRide' from project 'EasyRide')
    cd /Users/timyu/Desktop/EasyRide_App
    /Applications/Xcode.app/Contents/Developer/Toolchains/XcodeDefault.xctoolchain/usr/bin/clang -Xlinker -reproducible -target x86_64-apple-ios18.0-simulator -dynamiclib -isysroot /Applications/Xcode.app/Contents/Developer/Platforms/iPhoneSimulator.platform/Developer/SDKs/iPhoneSimulator26.2.sdk -O0 -L/Users/timyu/Library/Developer/Xcode/DerivedData/EasyRide-beugqklueywnwjdnocpyhdzzhnze/Build/Products/Debug-iphonesimulator -F/Users/timyu/Library/Developer/Xcode/DerivedData/EasyRide-beugqklueywnwjdnocpyhdzzhnze/Build/Products/Debug-iphonesimulator -install_name @rpath/EasyRide.debug.dylib -dead_strip -rdynamic -Xlinker -no_deduplicate -Xlinker -objc_abi_version -Xlinker 2 -Xlinker -debug_variant -Xlinker -dependency_info -Xlinker /Users/timyu/Library/Developer/Xcode/DerivedData/EasyRide-beugqklueywnwjdnocpyhdzzhnze/Build/Intermediates.noindex/EasyRide.build/Debug-iphonesimulator/EasyRide.build/Objects-normal/x86_64/EasyRide_dependency_info.dat -Xlinker -sectcreate -Xlinker __TEXT -Xlinker __entitlements -Xlinker /Users/timyu/Library/Developer/Xcode/DerivedData/EasyRide-beugqklueywnwjdnocpyhdzzhnze/Build/Intermediates.noindex/EasyRide.build/Debug-iphonesimulator/EasyRide.build/EasyRide.app-Simulated.xcent -Xlinker -sectcreate -Xlinker __TEXT -Xlinker __ents_der -Xlinker /Users/timyu/Library/Developer/Xcode/DerivedData/EasyRide-beugqklueywnwjdnocpyhdzzhnze/Build/Intermediates.noindex/EasyRide.build/Debug-iphonesimulator/EasyRide.build/EasyRide.app-Simulated.xcent.der -Xlinker -no_adhoc_codesign -o /Users/timyu/Library/Developer/Xcode/DerivedData/EasyRide-beugqklueywnwjdnocpyhdzzhnze/Build/Intermediates.noindex/EasyRide.build/Debug-iphonesimulator/EasyRide.build/Objects-normal/x86_64/Binary/__preview.dylib

GenerateAssetSymbols /Users/timyu/Desktop/EasyRide_App/EasyRide/Assets.xcassets (in target 'EasyRide' from project 'EasyRide')
    cd /Users/timyu/Desktop/EasyRide_App
    /Applications/Xcode.app/Contents/Developer/usr/bin/actool /Users/timyu/Desktop/EasyRide_App/EasyRide/Assets.xcassets --compile /Users/timyu/Library/Developer/Xcode/DerivedData/EasyRide-beugqklueywnwjdnocpyhdzzhnze/Build/Products/Debug-iphonesimulator/EasyRide.app --output-format human-readable-text --notices --warnings --export-dependency-info /Users/timyu/Library/Developer/Xcode/DerivedData/EasyRide-beugqklueywnwjdnocpyhdzzhnze/Build/Intermediates.noindex/EasyRide.build/Debug-iphonesimulator/EasyRide.build/assetcatalog_dependencies --output-partial-info-plist /Users/timyu/Library/Developer/Xcode/DerivedData/EasyRide-beugqklueywnwjdnocpyhdzzhnze/Build/Intermediates.noindex/EasyRide.build/Debug-iphonesimulator/EasyRide.build/assetcatalog_generated_info.plist --app-icon AppIcon --accent-color AccentColor --compress-pngs --enable-on-demand-resources YES --development-region en --target-device iphone --target-device ipad --minimum-deployment-target 18.0 --platform iphonesimulator --bundle-identifier com.timyu.EasyRide --generate-swift-asset-symbols /Users/timyu/Library/Developer/Xcode/DerivedData/EasyRide-beugqklueywnwjdnocpyhdzzhnze/Build/Intermediates.noindex/EasyRide.build/Debug-iphonesimulator/EasyRide.build/DerivedSources/GeneratedAssetSymbols.swift --generate-objc-asset-symbols /Users/timyu/Library/Developer/Xcode/DerivedData/EasyRide-beugqklueywnwjdnocpyhdzzhnze/Build/Intermediates.noindex/EasyRide.build/Debug-iphonesimulator/EasyRide.build/DerivedSources/GeneratedAssetSymbols.h --generate-asset-symbol-index /Users/timyu/Library/Developer/Xcode/DerivedData/EasyRide-beugqklueywnwjdnocpyhdzzhnze/Build/Intermediates.noindex/EasyRide.build/Debug-iphonesimulator/EasyRide.build/DerivedSources/GeneratedAssetSymbols-Index.plist
/* com.apple.actool.compilation-results */
/Users/timyu/Library/Developer/Xcode/DerivedData/EasyRide-beugqklueywnwjdnocpyhdzzhnze/Build/Intermediates.noindex/EasyRide.build/Debug-iphonesimulator/EasyRide.build/DerivedSources/GeneratedAssetSymbols-Index.plist
/Users/timyu/Library/Developer/Xcode/DerivedData/EasyRide-beugqklueywnwjdnocpyhdzzhnze/Build/Intermediates.noindex/EasyRide.build/Debug-iphonesimulator/EasyRide.build/DerivedSources/GeneratedAssetSymbols.h
/Users/timyu/Library/Developer/Xcode/DerivedData/EasyRide-beugqklueywnwjdnocpyhdzzhnze/Build/Intermediates.noindex/EasyRide.build/Debug-iphonesimulator/EasyRide.build/DerivedSources/GeneratedAssetSymbols.swift


CpResource /Users/timyu/Library/Developer/Xcode/DerivedData/EasyRide-beugqklueywnwjdnocpyhdzzhnze/Build/Products/Debug-iphonesimulator/EasyRide.app/Task11.1_Implementation_Summary.md /Users/timyu/Desktop/EasyRide_App/EasyRide/Documentation/Task11.1_Implementation_Summary.md (in target 'EasyRide' from project 'EasyRide')
    cd /Users/timyu/Desktop/EasyRide_App
    builtin-copy -exclude .DS_Store -exclude CVS -exclude .svn -exclude .git -exclude .hg -resolve-src-symlinks /Users/timyu/Desktop/EasyRide_App/EasyRide/Documentation/Task11.1_Implementation_Summary.md /Users/timyu/Library/Developer/Xcode/DerivedData/EasyRide-beugqklueywnwjdnocpyhdzzhnze/Build/Products/Debug-iphonesimulator/EasyRide.app

Ld /Users/timyu/Library/Developer/Xcode/DerivedData/EasyRide-beugqklueywnwjdnocpyhdzzhnze/Build/Intermediates.noindex/EasyRide.build/Debug-iphonesimulator/EasyRide.build/Objects-normal/arm64/Binary/__preview.dylib normal arm64 (in target 'EasyRide' from project 'EasyRide')
    cd /Users/timyu/Desktop/EasyRide_App
    /Applications/Xcode.app/Contents/Developer/Toolchains/XcodeDefault.xctoolchain/usr/bin/clang -Xlinker -reproducible -target arm64-apple-ios18.0-simulator -dynamiclib -isysroot /Applications/Xcode.app/Contents/Developer/Platforms/iPhoneSimulator.platform/Developer/SDKs/iPhoneSimulator26.2.sdk -O0 -L/Users/timyu/Library/Developer/Xcode/DerivedData/EasyRide-beugqklueywnwjdnocpyhdzzhnze/Build/Products/Debug-iphonesimulator -F/Users/timyu/Library/Developer/Xcode/DerivedData/EasyRide-beugqklueywnwjdnocpyhdzzhnze/Build/Products/Debug-iphonesimulator -install_name @rpath/EasyRide.debug.dylib -dead_strip -rdynamic -Xlinker -no_deduplicate -Xlinker -objc_abi_version -Xlinker 2 -Xlinker -debug_variant -Xlinker -dependency_info -Xlinker /Users/timyu/Library/Developer/Xcode/DerivedData/EasyRide-beugqklueywnwjdnocpyhdzzhnze/Build/Intermediates.noindex/EasyRide.build/Debug-iphonesimulator/EasyRide.build/Objects-normal/arm64/EasyRide_dependency_info.dat -Xlinker -sectcreate -Xlinker __TEXT -Xlinker __entitlements -Xlinker /Users/timyu/Library/Developer/Xcode/DerivedData/EasyRide-beugqklueywnwjdnocpyhdzzhnze/Build/Intermediates.noindex/EasyRide.build/Debug-iphonesimulator/EasyRide.build/EasyRide.app-Simulated.xcent -Xlinker -sectcreate -Xlinker __TEXT -Xlinker __ents_der -Xlinker /Users/timyu/Library/Developer/Xcode/DerivedData/EasyRide-beugqklueywnwjdnocpyhdzzhnze/Build/Intermediates.noindex/EasyRide.build/Debug-iphonesimulator/EasyRide.build/EasyRide.app-Simulated.xcent.der -Xlinker -no_adhoc_codesign -o /Users/timyu/Library/Developer/Xcode/DerivedData/EasyRide-beugqklueywnwjdnocpyhdzzhnze/Build/Intermediates.noindex/EasyRide.build/Debug-iphonesimulator/EasyRide.build/Objects-normal/arm64/Binary/__preview.dylib

CpResource /Users/timyu/Library/Developer/Xcode/DerivedData/EasyRide-beugqklueywnwjdnocpyhdzzhnze/Build/Products/Debug-iphonesimulator/EasyRide.app/InternationalizationGuide.md /Users/timyu/Desktop/EasyRide_App/EasyRide/Documentation/InternationalizationGuide.md (in target 'EasyRide' from project 'EasyRide')
    cd /Users/timyu/Desktop/EasyRide_App
    builtin-copy -exclude .DS_Store -exclude CVS -exclude .svn -exclude .git -exclude .hg -resolve-src-symlinks /Users/timyu/Desktop/EasyRide_App/EasyRide/Documentation/InternationalizationGuide.md /Users/timyu/Library/Developer/Xcode/DerivedData/EasyRide-beugqklueywnwjdnocpyhdzzhnze/Build/Products/Debug-iphonesimulator/EasyRide.app

CpResource /Users/timyu/Library/Developer/Xcode/DerivedData/EasyRide-beugqklueywnwjdnocpyhdzzhnze/Build/Products/Debug-iphonesimulator/EasyRide.app/OrientationDeviceSupportGuide.md /Users/timyu/Desktop/EasyRide_App/EasyRide/Documentation/OrientationDeviceSupportGuide.md (in target 'EasyRide' from project 'EasyRide')
    cd /Users/timyu/Desktop/EasyRide_App
    builtin-copy -exclude .DS_Store -exclude CVS -exclude .svn -exclude .git -exclude .hg -resolve-src-symlinks /Users/timyu/Desktop/EasyRide_App/EasyRide/Documentation/OrientationDeviceSupportGuide.md /Users/timyu/Library/Developer/Xcode/DerivedData/EasyRide-beugqklueywnwjdnocpyhdzzhnze/Build/Products/Debug-iphonesimulator/EasyRide.app

CpResource /Users/timyu/Library/Developer/Xcode/DerivedData/EasyRide-beugqklueywnwjdnocpyhdzzhnze/Build/Products/Debug-iphonesimulator/EasyRide.app/AccessibilityGuide.md /Users/timyu/Desktop/EasyRide_App/EasyRide/Documentation/AccessibilityGuide.md (in target 'EasyRide' from project 'EasyRide')
    cd /Users/timyu/Desktop/EasyRide_App
    builtin-copy -exclude .DS_Store -exclude CVS -exclude .svn -exclude .git -exclude .hg -resolve-src-symlinks /Users/timyu/Desktop/EasyRide_App/EasyRide/Documentation/AccessibilityGuide.md /Users/timyu/Library/Developer/Xcode/DerivedData/EasyRide-beugqklueywnwjdnocpyhdzzhnze/Build/Products/Debug-iphonesimulator/EasyRide.app

CopyStringsFile /Users/timyu/Library/Developer/Xcode/DerivedData/EasyRide-beugqklueywnwjdnocpyhdzzhnze/Build/Products/Debug-iphonesimulator/EasyRide.app/zh-Hans.lproj/Localizable.strings /Users/timyu/Desktop/EasyRide_App/EasyRide/Resources/zh-Hans.lproj/Localizable.strings (in target 'EasyRide' from project 'EasyRide')
    cd /Users/timyu/Desktop/EasyRide_App
    builtin-copyStrings --validate --outputencoding binary --outfilename Localizable.strings --outdir /Users/timyu/Library/Developer/Xcode/DerivedData/EasyRide-beugqklueywnwjdnocpyhdzzhnze/Build/Products/Debug-iphonesimulator/EasyRide.app/zh-Hans.lproj -- /Users/timyu/Desktop/EasyRide_App/EasyRide/Resources/zh-Hans.lproj/Localizable.strings
/Users/timyu/Desktop/EasyRide_App/EasyRide/Resources/zh-Hans.lproj/Localizable.strings:1:1: note: detected encoding of input file as Unicode (UTF-8) (in target 'EasyRide' from project 'EasyRide')

CopyStringsFile /Users/timyu/Library/Developer/Xcode/DerivedData/EasyRide-beugqklueywnwjdnocpyhdzzhnze/Build/Products/Debug-iphonesimulator/EasyRide.app/es.lproj/Localizable.strings /Users/timyu/Desktop/EasyRide_App/EasyRide/Resources/es.lproj/Localizable.strings (in target 'EasyRide' from project 'EasyRide')
    cd /Users/timyu/Desktop/EasyRide_App
    builtin-copyStrings --validate --outputencoding binary --outfilename Localizable.strings --outdir /Users/timyu/Library/Developer/Xcode/DerivedData/EasyRide-beugqklueywnwjdnocpyhdzzhnze/Build/Products/Debug-iphonesimulator/EasyRide.app/es.lproj -- /Users/timyu/Desktop/EasyRide_App/EasyRide/Resources/es.lproj/Localizable.strings
/Users/timyu/Desktop/EasyRide_App/EasyRide/Resources/es.lproj/Localizable.strings:1:1: note: detected encoding of input file as Unicode (UTF-8) (in target 'EasyRide' from project 'EasyRide')

CopyStringsFile /Users/timyu/Library/Developer/Xcode/DerivedData/EasyRide-beugqklueywnwjdnocpyhdzzhnze/Build/Products/Debug-iphonesimulator/EasyRide.app/en.lproj/Localizable.strings /Users/timyu/Desktop/EasyRide_App/EasyRide/Resources/en.lproj/Localizable.strings (in target 'EasyRide' from project 'EasyRide')
    cd /Users/timyu/Desktop/EasyRide_App
    builtin-copyStrings --validate --outputencoding binary --outfilename Localizable.strings --outdir /Users/timyu/Library/Developer/Xcode/DerivedData/EasyRide-beugqklueywnwjdnocpyhdzzhnze/Build/Products/Debug-iphonesimulator/EasyRide.app/en.lproj -- /Users/timyu/Desktop/EasyRide_App/EasyRide/Resources/en.lproj/Localizable.strings
/Users/timyu/Desktop/EasyRide_App/EasyRide/Resources/en.lproj/Localizable.strings:1:1: note: detected encoding of input file as Unicode (UTF-8) (in target 'EasyRide' from project 'EasyRide')

CompileAssetCatalogVariant thinned /Users/timyu/Library/Developer/Xcode/DerivedData/EasyRide-beugqklueywnwjdnocpyhdzzhnze/Build/Products/Debug-iphonesimulator/EasyRide.app /Users/timyu/Desktop/EasyRide_App/EasyRide/Assets.xcassets (in target 'EasyRide' from project 'EasyRide')
    cd /Users/timyu/Desktop/EasyRide_App
    /Applications/Xcode.app/Contents/Developer/usr/bin/actool /Users/timyu/Desktop/EasyRide_App/EasyRide/Assets.xcassets --compile /Users/timyu/Library/Developer/Xcode/DerivedData/EasyRide-beugqklueywnwjdnocpyhdzzhnze/Build/Intermediates.noindex/EasyRide.build/Debug-iphonesimulator/EasyRide.build/assetcatalog_output/thinned --output-format human-readable-text --notices --warnings --export-dependency-info /Users/timyu/Library/Developer/Xcode/DerivedData/EasyRide-beugqklueywnwjdnocpyhdzzhnze/Build/Intermediates.noindex/EasyRide.build/Debug-iphonesimulator/EasyRide.build/assetcatalog_dependencies_thinned --output-partial-info-plist /Users/timyu/Library/Developer/Xcode/DerivedData/EasyRide-beugqklueywnwjdnocpyhdzzhnze/Build/Intermediates.noindex/EasyRide.build/Debug-iphonesimulator/EasyRide.build/assetcatalog_generated_info.plist_thinned --app-icon AppIcon --accent-color AccentColor --compress-pngs --enable-on-demand-resources YES --development-region en --target-device iphone --target-device ipad --minimum-deployment-target 18.0 --platform iphonesimulator

CreateUniversalBinary /Users/timyu/Library/Developer/Xcode/DerivedData/EasyRide-beugqklueywnwjdnocpyhdzzhnze/Build/Products/Debug-iphonesimulator/EasyRide.app/__preview.dylib normal arm64\ x86_64 (in target 'EasyRide' from project 'EasyRide')
    cd /Users/timyu/Desktop/EasyRide_App
    /Applications/Xcode.app/Contents/Developer/Toolchains/XcodeDefault.xctoolchain/usr/bin/lipo -create /Users/timyu/Library/Developer/Xcode/DerivedData/EasyRide-beugqklueywnwjdnocpyhdzzhnze/Build/Intermediates.noindex/EasyRide.build/Debug-iphonesimulator/EasyRide.build/Objects-normal/arm64/Binary/__preview.dylib /Users/timyu/Library/Developer/Xcode/DerivedData/EasyRide-beugqklueywnwjdnocpyhdzzhnze/Build/Intermediates.noindex/EasyRide.build/Debug-iphonesimulator/EasyRide.build/Objects-normal/x86_64/Binary/__preview.dylib -output /Users/timyu/Library/Developer/Xcode/DerivedData/EasyRide-beugqklueywnwjdnocpyhdzzhnze/Build/Products/Debug-iphonesimulator/EasyRide.app/__preview.dylib

SwiftDriver EasyRide normal arm64 com.apple.xcode.tools.swift.compiler (in target 'EasyRide' from project 'EasyRide')
    cd /Users/timyu/Desktop/EasyRide_App
    builtin-SwiftDriver -- /Applications/Xcode.app/Contents/Developer/Toolchains/XcodeDefault.xctoolchain/usr/bin/swiftc -module-name EasyRide -Onone -enforce-exclusivity\=checked @/Users/timyu/Library/Developer/Xcode/DerivedData/EasyRide-beugqklueywnwjdnocpyhdzzhnze/Build/Intermediates.noindex/EasyRide.build/Debug-iphonesimulator/EasyRide.build/Objects-normal/arm64/EasyRide.SwiftFileList -DDEBUG -enable-bare-slash-regex -enable-experimental-feature DebugDescriptionMacro -sdk /Applications/Xcode.app/Contents/Developer/Platforms/iPhoneSimulator.platform/Developer/SDKs/iPhoneSimulator26.2.sdk -target arm64-apple-ios18.0-simulator -g -module-cache-path /Users/timyu/Library/Developer/Xcode/DerivedData/ModuleCache.noindex -Xfrontend -serialize-debugging-options -profile-coverage-mapping -profile-generate -enable-testing -index-store-path /Users/timyu/Library/Developer/Xcode/DerivedData/EasyRide-beugqklueywnwjdnocpyhdzzhnze/Index.noindex/DataStore -Xcc -D_LIBCPP_HARDENING_MODE\=_LIBCPP_HARDENING_MODE_DEBUG -swift-version 5 -I /Users/timyu/Library/Developer/Xcode/DerivedData/EasyRide-beugqklueywnwjdnocpyhdzzhnze/Build/Products/Debug-iphonesimulator -F /Users/timyu/Library/Developer/Xcode/DerivedData/EasyRide-beugqklueywnwjdnocpyhdzzhnze/Build/Products/Debug-iphonesimulator -emit-localized-strings -emit-localized-strings-path /Users/timyu/Library/Developer/Xcode/DerivedData/EasyRide-beugqklueywnwjdnocpyhdzzhnze/Build/Intermediates.noindex/EasyRide.build/Debug-iphonesimulator/EasyRide.build/Objects-normal/arm64 -c -j8 -enable-batch-mode -incremental -Xcc -ivfsstatcache -Xcc /Users/timyu/Library/Developer/Xcode/DerivedData/SDKStatCaches.noindex/iphonesimulator26.2-23C53-7d00a8b37fbd7999ea79df8ebc024bf0.sdkstatcache -output-file-map /Users/timyu/Library/Developer/Xcode/DerivedData/EasyRide-beugqklueywnwjdnocpyhdzzhnze/Build/Intermediates.noindex/EasyRide.build/Debug-iphonesimulator/EasyRide.build/Objects-normal/arm64/EasyRide-OutputFileMap.json -use-frontend-parseable-output -save-temps -no-color-diagnostics -explicit-module-build -module-cache-path /Users/timyu/Library/Developer/Xcode/DerivedData/EasyRide-beugqklueywnwjdnocpyhdzzhnze/Build/Intermediates.noindex/SwiftExplicitPrecompiledModules -clang-scanner-module-cache-path /Users/timyu/Library/Developer/Xcode/DerivedData/ModuleCache.noindex -sdk-module-cache-path /Users/timyu/Library/Developer/Xcode/DerivedData/ModuleCache.noindex -serialize-diagnostics -emit-dependencies -emit-module -emit-module-path /Users/timyu/Library/Developer/Xcode/DerivedData/EasyRide-beugqklueywnwjdnocpyhdzzhnze/Build/Intermediates.noindex/EasyRide.build/Debug-iphonesimulator/EasyRide.build/Objects-normal/arm64/EasyRide.swiftmodule -validate-clang-modules-once -clang-build-session-file /Users/timyu/Library/Developer/Xcode/DerivedData/ModuleCache.noindex/Session.modulevalidation -Xcc -I/Users/timyu/Library/Developer/Xcode/DerivedData/EasyRide-beugqklueywnwjdnocpyhdzzhnze/Build/Intermediates.noindex/EasyRide.build/Debug-iphonesimulator/EasyRide.build/swift-overrides.hmap -emit-const-values -Xfrontend -const-gather-protocols-file -Xfrontend /Users/timyu/Library/Developer/Xcode/DerivedData/EasyRide-beugqklueywnwjdnocpyhdzzhnze/Build/Intermediates.noindex/EasyRide.build/Debug-iphonesimulator/EasyRide.build/Objects-normal/arm64/EasyRide_const_extract_protocols.json -Xcc -iquote -Xcc /Users/timyu/Library/Developer/Xcode/DerivedData/EasyRide-beugqklueywnwjdnocpyhdzzhnze/Build/Intermediates.noindex/EasyRide.build/Debug-iphonesimulator/EasyRide.build/EasyRide-generated-files.hmap -Xcc -I/Users/timyu/Library/Developer/Xcode/DerivedData/EasyRide-beugqklueywnwjdnocpyhdzzhnze/Build/Intermediates.noindex/EasyRide.build/Debug-iphonesimulator/EasyRide.build/EasyRide-own-target-headers.hmap -Xcc -I/Users/timyu/Library/Developer/Xcode/DerivedData/EasyRide-beugqklueywnwjdnocpyhdzzhnze/Build/Intermediates.noindex/EasyRide.build/Debug-iphonesimulator/EasyRide.build/EasyRide-all-target-headers.hmap -Xcc -iquote -Xcc /Users/timyu/Library/Developer/Xcode/DerivedData/EasyRide-beugqklueywnwjdnocpyhdzzhnze/Build/Intermediates.noindex/EasyRide.build/Debug-iphonesimulator/EasyRide.build/EasyRide-project-headers.hmap -Xcc -I/Users/timyu/Library/Developer/Xcode/DerivedData/EasyRide-beugqklueywnwjdnocpyhdzzhnze/Build/Products/Debug-iphonesimulator/include -Xcc -I/Users/timyu/Library/Developer/Xcode/DerivedData/EasyRide-beugqklueywnwjdnocpyhdzzhnze/Build/Intermediates.noindex/EasyRide.build/Debug-iphonesimulator/EasyRide.build/DerivedSources-normal/arm64 -Xcc -I/Users/timyu/Library/Developer/Xcode/DerivedData/EasyRide-beugqklueywnwjdnocpyhdzzhnze/Build/Intermediates.noindex/EasyRide.build/Debug-iphonesimulator/EasyRide.build/DerivedSources/arm64 -Xcc -I/Users/timyu/Library/Developer/Xcode/DerivedData/EasyRide-beugqklueywnwjdnocpyhdzzhnze/Build/Intermediates.noindex/EasyRide.build/Debug-iphonesimulator/EasyRide.build/DerivedSources -Xcc -DDEBUG\=1 -emit-objc-header -emit-objc-header-path /Users/timyu/Library/Developer/Xcode/DerivedData/EasyRide-beugqklueywnwjdnocpyhdzzhnze/Build/Intermediates.noindex/EasyRide.build/Debug-iphonesimulator/EasyRide.build/Objects-normal/arm64/EasyRide-Swift.h -working-directory /Users/timyu/Desktop/EasyRide_App -experimental-emit-module-separately -disable-cmo

SwiftDriver EasyRide normal x86_64 com.apple.xcode.tools.swift.compiler (in target 'EasyRide' from project 'EasyRide')
    cd /Users/timyu/Desktop/EasyRide_App
    builtin-SwiftDriver -- /Applications/Xcode.app/Contents/Developer/Toolchains/XcodeDefault.xctoolchain/usr/bin/swiftc -module-name EasyRide -Onone -enforce-exclusivity\=checked @/Users/timyu/Library/Developer/Xcode/DerivedData/EasyRide-beugqklueywnwjdnocpyhdzzhnze/Build/Intermediates.noindex/EasyRide.build/Debug-iphonesimulator/EasyRide.build/Objects-normal/x86_64/EasyRide.SwiftFileList -DDEBUG -enable-bare-slash-regex -enable-experimental-feature DebugDescriptionMacro -sdk /Applications/Xcode.app/Contents/Developer/Platforms/iPhoneSimulator.platform/Developer/SDKs/iPhoneSimulator26.2.sdk -target x86_64-apple-ios18.0-simulator -g -module-cache-path /Users/timyu/Library/Developer/Xcode/DerivedData/ModuleCache.noindex -Xfrontend -serialize-debugging-options -profile-coverage-mapping -profile-generate -enable-testing -index-store-path /Users/timyu/Library/Developer/Xcode/DerivedData/EasyRide-beugqklueywnwjdnocpyhdzzhnze/Index.noindex/DataStore -Xcc -D_LIBCPP_HARDENING_MODE\=_LIBCPP_HARDENING_MODE_DEBUG -swift-version 5 -I /Users/timyu/Library/Developer/Xcode/DerivedData/EasyRide-beugqklueywnwjdnocpyhdzzhnze/Build/Products/Debug-iphonesimulator -F /Users/timyu/Library/Developer/Xcode/DerivedData/EasyRide-beugqklueywnwjdnocpyhdzzhnze/Build/Products/Debug-iphonesimulator -emit-localized-strings -emit-localized-strings-path /Users/timyu/Library/Developer/Xcode/DerivedData/EasyRide-beugqklueywnwjdnocpyhdzzhnze/Build/Intermediates.noindex/EasyRide.build/Debug-iphonesimulator/EasyRide.build/Objects-normal/x86_64 -c -j8 -enable-batch-mode -incremental -Xcc -ivfsstatcache -Xcc /Users/timyu/Library/Developer/Xcode/DerivedData/SDKStatCaches.noindex/iphonesimulator26.2-23C53-7d00a8b37fbd7999ea79df8ebc024bf0.sdkstatcache -output-file-map /Users/timyu/Library/Developer/Xcode/DerivedData/EasyRide-beugqklueywnwjdnocpyhdzzhnze/Build/Intermediates.noindex/EasyRide.build/Debug-iphonesimulator/EasyRide.build/Objects-normal/x86_64/EasyRide-OutputFileMap.json -use-frontend-parseable-output -save-temps -no-color-diagnostics -explicit-module-build -module-cache-path /Users/timyu/Library/Developer/Xcode/DerivedData/EasyRide-beugqklueywnwjdnocpyhdzzhnze/Build/Intermediates.noindex/SwiftExplicitPrecompiledModules -clang-scanner-module-cache-path /Users/timyu/Library/Developer/Xcode/DerivedData/ModuleCache.noindex -sdk-module-cache-path /Users/timyu/Library/Developer/Xcode/DerivedData/ModuleCache.noindex -serialize-diagnostics -emit-dependencies -emit-module -emit-module-path /Users/timyu/Library/Developer/Xcode/DerivedData/EasyRide-beugqklueywnwjdnocpyhdzzhnze/Build/Intermediates.noindex/EasyRide.build/Debug-iphonesimulator/EasyRide.build/Objects-normal/x86_64/EasyRide.swiftmodule -validate-clang-modules-once -clang-build-session-file /Users/timyu/Library/Developer/Xcode/DerivedData/ModuleCache.noindex/Session.modulevalidation -Xcc -I/Users/timyu/Library/Developer/Xcode/DerivedData/EasyRide-beugqklueywnwjdnocpyhdzzhnze/Build/Intermediates.noindex/EasyRide.build/Debug-iphonesimulator/EasyRide.build/swift-overrides.hmap -emit-const-values -Xfrontend -const-gather-protocols-file -Xfrontend /Users/timyu/Library/Developer/Xcode/DerivedData/EasyRide-beugqklueywnwjdnocpyhdzzhnze/Build/Intermediates.noindex/EasyRide.build/Debug-iphonesimulator/EasyRide.build/Objects-normal/x86_64/EasyRide_const_extract_protocols.json -Xcc -iquote -Xcc /Users/timyu/Library/Developer/Xcode/DerivedData/EasyRide-beugqklueywnwjdnocpyhdzzhnze/Build/Intermediates.noindex/EasyRide.build/Debug-iphonesimulator/EasyRide.build/EasyRide-generated-files.hmap -Xcc -I/Users/timyu/Library/Developer/Xcode/DerivedData/EasyRide-beugqklueywnwjdnocpyhdzzhnze/Build/Intermediates.noindex/EasyRide.build/Debug-iphonesimulator/EasyRide.build/EasyRide-own-target-headers.hmap -Xcc -I/Users/timyu/Library/Developer/Xcode/DerivedData/EasyRide-beugqklueywnwjdnocpyhdzzhnze/Build/Intermediates.noindex/EasyRide.build/Debug-iphonesimulator/EasyRide.build/EasyRide-all-target-headers.hmap -Xcc -iquote -Xcc /Users/timyu/Library/Developer/Xcode/DerivedData/EasyRide-beugqklueywnwjdnocpyhdzzhnze/Build/Intermediates.noindex/EasyRide.build/Debug-iphonesimulator/EasyRide.build/EasyRide-project-headers.hmap -Xcc -I/Users/timyu/Library/Developer/Xcode/DerivedData/EasyRide-beugqklueywnwjdnocpyhdzzhnze/Build/Products/Debug-iphonesimulator/include -Xcc -I/Users/timyu/Library/Developer/Xcode/DerivedData/EasyRide-beugqklueywnwjdnocpyhdzzhnze/Build/Intermediates.noindex/EasyRide.build/Debug-iphonesimulator/EasyRide.build/DerivedSources-normal/x86_64 -Xcc -I/Users/timyu/Library/Developer/Xcode/DerivedData/EasyRide-beugqklueywnwjdnocpyhdzzhnze/Build/Intermediates.noindex/EasyRide.build/Debug-iphonesimulator/EasyRide.build/DerivedSources/x86_64 -Xcc -I/Users/timyu/Library/Developer/Xcode/DerivedData/EasyRide-beugqklueywnwjdnocpyhdzzhnze/Build/Intermediates.noindex/EasyRide.build/Debug-iphonesimulator/EasyRide.build/DerivedSources -Xcc -DDEBUG\=1 -emit-objc-header -emit-objc-header-path /Users/timyu/Library/Developer/Xcode/DerivedData/EasyRide-beugqklueywnwjdnocpyhdzzhnze/Build/Intermediates.noindex/EasyRide.build/Debug-iphonesimulator/EasyRide.build/Objects-normal/x86_64/EasyRide-Swift.h -working-directory /Users/timyu/Desktop/EasyRide_App -experimental-emit-module-separately -disable-cmo

SwiftCompile normal arm64 Compiling\ ValueAddedService.swift,\ Wallet.swift,\ APIEndpoint.swift,\ APIService.swift,\ Configuration.swift,\ EasyRideError.swift,\ ErrorRecoveryService.swift,\ PaymentService.swift,\ SecureStorage.swift /Users/timyu/Desktop/EasyRide_App/EasyRide/Models/ValueAddedService.swift /Users/timyu/Desktop/EasyRide_App/EasyRide/Models/Wallet.swift /Users/timyu/Desktop/EasyRide_App/EasyRide/Services/APIEndpoint.swift /Users/timyu/Desktop/EasyRide_App/EasyRide/Services/APIService.swift /Users/timyu/Desktop/EasyRide_App/EasyRide/Services/Configuration.swift /Users/timyu/Desktop/EasyRide_App/EasyRide/Services/EasyRideError.swift /Users/timyu/Desktop/EasyRide_App/EasyRide/Services/ErrorRecoveryService.swift /Users/timyu/Desktop/EasyRide_App/EasyRide/Services/PaymentService.swift /Users/timyu/Desktop/EasyRide_App/EasyRide/Services/SecureStorage.swift (in target 'EasyRide' from project 'EasyRide')
SwiftCompile normal arm64 /Users/timyu/Desktop/EasyRide_App/EasyRide/Models/ValueAddedService.swift (in target 'EasyRide' from project 'EasyRide')
    cd /Users/timyu/Desktop/EasyRide_App
    

SwiftCompile normal arm64 /Users/timyu/Desktop/EasyRide_App/EasyRide/Models/Wallet.swift (in target 'EasyRide' from project 'EasyRide')
    cd /Users/timyu/Desktop/EasyRide_App
    

SwiftCompile normal arm64 /Users/timyu/Desktop/EasyRide_App/EasyRide/Services/APIEndpoint.swift (in target 'EasyRide' from project 'EasyRide')
    cd /Users/timyu/Desktop/EasyRide_App
    

SwiftCompile normal arm64 /Users/timyu/Desktop/EasyRide_App/EasyRide/Services/APIService.swift (in target 'EasyRide' from project 'EasyRide')
    cd /Users/timyu/Desktop/EasyRide_App
    

SwiftCompile normal arm64 /Users/timyu/Desktop/EasyRide_App/EasyRide/Services/Configuration.swift (in target 'EasyRide' from project 'EasyRide')
    cd /Users/timyu/Desktop/EasyRide_App
    

SwiftCompile normal arm64 /Users/timyu/Desktop/EasyRide_App/EasyRide/Services/EasyRideError.swift (in target 'EasyRide' from project 'EasyRide')
    cd /Users/timyu/Desktop/EasyRide_App
    

SwiftCompile normal arm64 /Users/timyu/Desktop/EasyRide_App/EasyRide/Services/ErrorRecoveryService.swift (in target 'EasyRide' from project 'EasyRide')
    cd /Users/timyu/Desktop/EasyRide_App
    

SwiftCompile normal arm64 /Users/timyu/Desktop/EasyRide_App/EasyRide/Services/PaymentService.swift (in target 'EasyRide' from project 'EasyRide')
    cd /Users/timyu/Desktop/EasyRide_App
    

SwiftCompile normal arm64 /Users/timyu/Desktop/EasyRide_App/EasyRide/Services/SecureStorage.swift (in target 'EasyRide' from project 'EasyRide')
    cd /Users/timyu/Desktop/EasyRide_App
    

SwiftCompile normal arm64 Compiling\ AddPaymentMethodView.swift,\ ApplePaySetupView.swift,\ BootScreenView.swift,\ FavoriteDriversView.swift,\ LoginView.swift,\ OrderDetailView.swift,\ OrderSuccessDriverMatchingView.swift,\ OrderTrackingView.swift /Users/timyu/Desktop/EasyRide_App/EasyRide/Views/AddPaymentMethodView.swift /Users/timyu/Desktop/EasyRide_App/EasyRide/Views/ApplePaySetupView.swift /Users/timyu/Desktop/EasyRide_App/EasyRide/Views/BootScreenView.swift /Users/timyu/Desktop/EasyRide_App/EasyRide/Views/FavoriteDriversView.swift /Users/timyu/Desktop/EasyRide_App/EasyRide/Views/LoginView.swift /Users/timyu/Desktop/EasyRide_App/EasyRide/Views/OrderDetailView.swift /Users/timyu/Desktop/EasyRide_App/EasyRide/Views/OrderSuccessDriverMatchingView.swift /Users/timyu/Desktop/EasyRide_App/EasyRide/Views/OrderTrackingView.swift (in target 'EasyRide' from project 'EasyRide')
SwiftCompile normal arm64 /Users/timyu/Desktop/EasyRide_App/EasyRide/Views/AddPaymentMethodView.swift (in target 'EasyRide' from project 'EasyRide')
    cd /Users/timyu/Desktop/EasyRide_App
    

SwiftCompile normal arm64 /Users/timyu/Desktop/EasyRide_App/EasyRide/Views/ApplePaySetupView.swift (in target 'EasyRide' from project 'EasyRide')
    cd /Users/timyu/Desktop/EasyRide_App
    

SwiftCompile normal arm64 /Users/timyu/Desktop/EasyRide_App/EasyRide/Views/BootScreenView.swift (in target 'EasyRide' from project 'EasyRide')
    cd /Users/timyu/Desktop/EasyRide_App
    

SwiftCompile normal arm64 /Users/timyu/Desktop/EasyRide_App/EasyRide/Views/FavoriteDriversView.swift (in target 'EasyRide' from project 'EasyRide')
    cd /Users/timyu/Desktop/EasyRide_App
    

SwiftCompile normal arm64 /Users/timyu/Desktop/EasyRide_App/EasyRide/Views/LoginView.swift (in target 'EasyRide' from project 'EasyRide')
    cd /Users/timyu/Desktop/EasyRide_App
    

SwiftCompile normal arm64 /Users/timyu/Desktop/EasyRide_App/EasyRide/Views/OrderDetailView.swift (in target 'EasyRide' from project 'EasyRide')
    cd /Users/timyu/Desktop/EasyRide_App
    

SwiftCompile normal arm64 /Users/timyu/Desktop/EasyRide_App/EasyRide/Views/OrderSuccessDriverMatchingView.swift (in target 'EasyRide' from project 'EasyRide')
    cd /Users/timyu/Desktop/EasyRide_App
    

SwiftCompile normal arm64 /Users/timyu/Desktop/EasyRide_App/EasyRide/Views/OrderTrackingView.swift (in target 'EasyRide' from project 'EasyRide')
    cd /Users/timyu/Desktop/EasyRide_App
    

SwiftCompile normal arm64 Compiling\ AccessibilityUtils.swift,\ AnimationUtils.swift,\ LocalizationUtils.swift,\ OrientationLayoutUtils.swift,\ PerformanceUtils.swift,\ ResponsiveLayoutUtils.swift,\ AuthenticationViewModel.swift,\ BookingViewModel.swift,\ OrderDetailViewModel.swift /Users/timyu/Desktop/EasyRide_App/EasyRide/Utils/AccessibilityUtils.swift /Users/timyu/Desktop/EasyRide_App/EasyRide/Utils/AnimationUtils.swift /Users/timyu/Desktop/EasyRide_App/EasyRide/Utils/LocalizationUtils.swift /Users/timyu/Desktop/EasyRide_App/EasyRide/Utils/OrientationLayoutUtils.swift /Users/timyu/Desktop/EasyRide_App/EasyRide/Utils/PerformanceUtils.swift /Users/timyu/Desktop/EasyRide_App/EasyRide/Utils/ResponsiveLayoutUtils.swift /Users/timyu/Desktop/EasyRide_App/EasyRide/ViewModels/AuthenticationViewModel.swift /Users/timyu/Desktop/EasyRide_App/EasyRide/ViewModels/BookingViewModel.swift /Users/timyu/Desktop/EasyRide_App/EasyRide/ViewModels/OrderDetailViewModel.swift (in target 'EasyRide' from project 'EasyRide')

SwiftCompile normal arm64 /Users/timyu/Desktop/EasyRide_App/EasyRide/Utils/AccessibilityUtils.swift (in target 'EasyRide' from project 'EasyRide')
    cd /Users/timyu/Desktop/EasyRide_App
    

SwiftCompile normal arm64 /Users/timyu/Desktop/EasyRide_App/EasyRide/Utils/AnimationUtils.swift (in target 'EasyRide' from project 'EasyRide')
    cd /Users/timyu/Desktop/EasyRide_App
    

SwiftCompile normal arm64 /Users/timyu/Desktop/EasyRide_App/EasyRide/Utils/LocalizationUtils.swift (in target 'EasyRide' from project 'EasyRide')
    cd /Users/timyu/Desktop/EasyRide_App
    

SwiftCompile normal arm64 /Users/timyu/Desktop/EasyRide_App/EasyRide/Utils/OrientationLayoutUtils.swift (in target 'EasyRide' from project 'EasyRide')
    cd /Users/timyu/Desktop/EasyRide_App
    

SwiftCompile normal arm64 /Users/timyu/Desktop/EasyRide_App/EasyRide/Utils/PerformanceUtils.swift (in target 'EasyRide' from project 'EasyRide')
    cd /Users/timyu/Desktop/EasyRide_App
    

SwiftCompile normal arm64 /Users/timyu/Desktop/EasyRide_App/EasyRide/Utils/ResponsiveLayoutUtils.swift (in target 'EasyRide' from project 'EasyRide')
    cd /Users/timyu/Desktop/EasyRide_App
    

SwiftCompile normal arm64 /Users/timyu/Desktop/EasyRide_App/EasyRide/ViewModels/AuthenticationViewModel.swift (in target 'EasyRide' from project 'EasyRide')
    cd /Users/timyu/Desktop/EasyRide_App
    

SwiftCompile normal arm64 /Users/timyu/Desktop/EasyRide_App/EasyRide/ViewModels/BookingViewModel.swift (in target 'EasyRide' from project 'EasyRide')
    cd /Users/timyu/Desktop/EasyRide_App
    

SwiftCompile normal arm64 /Users/timyu/Desktop/EasyRide_App/EasyRide/ViewModels/OrderDetailViewModel.swift (in target 'EasyRide' from project 'EasyRide')
    cd /Users/timyu/Desktop/EasyRide_App
    

SwiftCompile normal arm64 Compiling\ Message.swift,\ Order.swift,\ PaymentMethod.swift,\ PriceBreakdown.swift,\ ServiceOption.swift,\ ServiceType.swift,\ TripConfiguration.swift,\ TripMode.swift,\ User.swift /Users/timyu/Desktop/EasyRide_App/EasyRide/Models/Message.swift /Users/timyu/Desktop/EasyRide_App/EasyRide/Models/Order.swift /Users/timyu/Desktop/EasyRide_App/EasyRide/Models/PaymentMethod.swift /Users/timyu/Desktop/EasyRide_App/EasyRide/Models/PriceBreakdown.swift /Users/timyu/Desktop/EasyRide_App/EasyRide/Models/ServiceOption.swift /Users/timyu/Desktop/EasyRide_App/EasyRide/Models/ServiceType.swift /Users/timyu/Desktop/EasyRide_App/EasyRide/Models/TripConfiguration.swift /Users/timyu/Desktop/EasyRide_App/EasyRide/Models/TripMode.swift /Users/timyu/Desktop/EasyRide_App/EasyRide/Models/User.swift (in target 'EasyRide' from project 'EasyRide')

SwiftCompile normal arm64 /Users/timyu/Desktop/EasyRide_App/EasyRide/Models/Message.swift (in target 'EasyRide' from project 'EasyRide')
    cd /Users/timyu/Desktop/EasyRide_App
    

SwiftCompile normal arm64 /Users/timyu/Desktop/EasyRide_App/EasyRide/Models/Order.swift (in target 'EasyRide' from project 'EasyRide')
    cd /Users/timyu/Desktop/EasyRide_App
    

SwiftCompile normal arm64 /Users/timyu/Desktop/EasyRide_App/EasyRide/Models/PaymentMethod.swift (in target 'EasyRide' from project 'EasyRide')
    cd /Users/timyu/Desktop/EasyRide_App
    

SwiftCompile normal arm64 /Users/timyu/Desktop/EasyRide_App/EasyRide/Models/PriceBreakdown.swift (in target 'EasyRide' from project 'EasyRide')
    cd /Users/timyu/Desktop/EasyRide_App
    

SwiftCompile normal arm64 /Users/timyu/Desktop/EasyRide_App/EasyRide/Models/ServiceOption.swift (in target 'EasyRide' from project 'EasyRide')
    cd /Users/timyu/Desktop/EasyRide_App
    

SwiftCompile normal arm64 /Users/timyu/Desktop/EasyRide_App/EasyRide/Models/ServiceType.swift (in target 'EasyRide' from project 'EasyRide')
    cd /Users/timyu/Desktop/EasyRide_App
    

SwiftCompile normal arm64 /Users/timyu/Desktop/EasyRide_App/EasyRide/Models/TripConfiguration.swift (in target 'EasyRide' from project 'EasyRide')
    cd /Users/timyu/Desktop/EasyRide_App
    

SwiftCompile normal arm64 /Users/timyu/Desktop/EasyRide_App/EasyRide/Models/TripMode.swift (in target 'EasyRide' from project 'EasyRide')
    cd /Users/timyu/Desktop/EasyRide_App
    

SwiftCompile normal arm64 /Users/timyu/Desktop/EasyRide_App/EasyRide/Models/User.swift (in target 'EasyRide' from project 'EasyRide')
    cd /Users/timyu/Desktop/EasyRide_App
    

SwiftCompile normal arm64 Compiling\ BookingViewModelUsage.swift,\ ResponsiveLayoutDemo.swift,\ LocationManager.swift,\ Address.swift,\ AppState.swift,\ BookingStep.swift,\ DemoItem.swift,\ Driver.swift,\ Location.swift /Users/timyu/Desktop/EasyRide_App/EasyRide/Examples/BookingViewModelUsage.swift /Users/timyu/Desktop/EasyRide_App/EasyRide/Examples/ResponsiveLayoutDemo.swift /Users/timyu/Desktop/EasyRide_App/EasyRide/Managers/LocationManager.swift /Users/timyu/Desktop/EasyRide_App/EasyRide/Models/Address.swift /Users/timyu/Desktop/EasyRide_App/EasyRide/Models/AppState.swift /Users/timyu/Desktop/EasyRide_App/EasyRide/Models/BookingStep.swift /Users/timyu/Desktop/EasyRide_App/EasyRide/Models/DemoItem.swift /Users/timyu/Desktop/EasyRide_App/EasyRide/Models/Driver.swift /Users/timyu/Desktop/EasyRide_App/EasyRide/Models/Location.swift (in target 'EasyRide' from project 'EasyRide')

SwiftCompile normal arm64 /Users/timyu/Desktop/EasyRide_App/EasyRide/Examples/BookingViewModelUsage.swift (in target 'EasyRide' from project 'EasyRide')
    cd /Users/timyu/Desktop/EasyRide_App
    

SwiftCompile normal arm64 /Users/timyu/Desktop/EasyRide_App/EasyRide/Examples/ResponsiveLayoutDemo.swift (in target 'EasyRide' from project 'EasyRide')
    cd /Users/timyu/Desktop/EasyRide_App
    

SwiftCompile normal arm64 /Users/timyu/Desktop/EasyRide_App/EasyRide/Managers/LocationManager.swift (in target 'EasyRide' from project 'EasyRide')
    cd /Users/timyu/Desktop/EasyRide_App
    

SwiftCompile normal arm64 /Users/timyu/Desktop/EasyRide_App/EasyRide/Models/Address.swift (in target 'EasyRide' from project 'EasyRide')
    cd /Users/timyu/Desktop/EasyRide_App
    

SwiftCompile normal arm64 /Users/timyu/Desktop/EasyRide_App/EasyRide/Models/AppState.swift (in target 'EasyRide' from project 'EasyRide')
    cd /Users/timyu/Desktop/EasyRide_App
    

SwiftCompile normal arm64 /Users/timyu/Desktop/EasyRide_App/EasyRide/Models/BookingStep.swift (in target 'EasyRide' from project 'EasyRide')
    cd /Users/timyu/Desktop/EasyRide_App
    

SwiftCompile normal arm64 /Users/timyu/Desktop/EasyRide_App/EasyRide/Models/DemoItem.swift (in target 'EasyRide' from project 'EasyRide')
    cd /Users/timyu/Desktop/EasyRide_App
    

SwiftCompile normal arm64 /Users/timyu/Desktop/EasyRide_App/EasyRide/Models/Driver.swift (in target 'EasyRide' from project 'EasyRide')
    cd /Users/timyu/Desktop/EasyRide_App
    

SwiftCompile normal arm64 /Users/timyu/Desktop/EasyRide_App/EasyRide/Models/Location.swift (in target 'EasyRide' from project 'EasyRide')
    cd /Users/timyu/Desktop/EasyRide_App
    

SwiftCompile normal arm64 Compiling\ OrientationResponsiveDemo.swift,\ OrientationTestView.swift,\ PaymentMethodsView.swift,\ RegistrationView.swift,\ ResponsiveTripConfigurationView.swift,\ ServiceSelectionView.swift,\ SettingsView.swift,\ TripConfigurationView.swift /Users/timyu/Desktop/EasyRide_App/EasyRide/Views/OrientationResponsiveDemo.swift /Users/timyu/Desktop/EasyRide_App/EasyRide/Views/OrientationTestView.swift /Users/timyu/Desktop/EasyRide_App/EasyRide/Views/PaymentMethodsView.swift /Users/timyu/Desktop/EasyRide_App/EasyRide/Views/RegistrationView.swift /Users/timyu/Desktop/EasyRide_App/EasyRide/Views/ResponsiveTripConfigurationView.swift /Users/timyu/Desktop/EasyRide_App/EasyRide/Views/ServiceSelectionView.swift /Users/timyu/Desktop/EasyRide_App/EasyRide/Views/SettingsView.swift /Users/timyu/Desktop/EasyRide_App/EasyRide/Views/TripConfigurationView.swift (in target 'EasyRide' from project 'EasyRide')

SwiftCompile normal arm64 /Users/timyu/Desktop/EasyRide_App/EasyRide/Views/OrientationResponsiveDemo.swift (in target 'EasyRide' from project 'EasyRide')
    cd /Users/timyu/Desktop/EasyRide_App
    

SwiftCompile normal arm64 /Users/timyu/Desktop/EasyRide_App/EasyRide/Views/OrientationTestView.swift (in target 'EasyRide' from project 'EasyRide')
    cd /Users/timyu/Desktop/EasyRide_App
    

SwiftCompile normal arm64 /Users/timyu/Desktop/EasyRide_App/EasyRide/Views/PaymentMethodsView.swift (in target 'EasyRide' from project 'EasyRide')
    cd /Users/timyu/Desktop/EasyRide_App
    

SwiftCompile normal arm64 /Users/timyu/Desktop/EasyRide_App/EasyRide/Views/RegistrationView.swift (in target 'EasyRide' from project 'EasyRide')
    cd /Users/timyu/Desktop/EasyRide_App
    

SwiftCompile normal arm64 /Users/timyu/Desktop/EasyRide_App/EasyRide/Views/ResponsiveTripConfigurationView.swift (in target 'EasyRide' from project 'EasyRide')
    cd /Users/timyu/Desktop/EasyRide_App
    

SwiftCompile normal arm64 /Users/timyu/Desktop/EasyRide_App/EasyRide/Views/ServiceSelectionView.swift (in target 'EasyRide' from project 'EasyRide')
    cd /Users/timyu/Desktop/EasyRide_App
    

SwiftCompile normal arm64 /Users/timyu/Desktop/EasyRide_App/EasyRide/Views/SettingsView.swift (in target 'EasyRide' from project 'EasyRide')
    cd /Users/timyu/Desktop/EasyRide_App
    

SwiftCompile normal arm64 /Users/timyu/Desktop/EasyRide_App/EasyRide/Views/TripConfigurationView.swift (in target 'EasyRide' from project 'EasyRide')
    cd /Users/timyu/Desktop/EasyRide_App
    

SwiftEmitModule normal arm64 Emitting\ module\ for\ EasyRide (in target 'EasyRide' from project 'EasyRide')
Failed frontend command:
/Applications/Xcode.app/Contents/Developer/Toolchains/XcodeDefault.xctoolchain/usr/bin/swift-frontend -frontend -emit-module -experimental-skip-non-inlinable-function-bodies-without-types /Users/timyu/Desktop/EasyRide_App/EasyRide/Examples/BookingViewModelUsage.swift /Users/timyu/Desktop/EasyRide_App/EasyRide/Examples/ResponsiveLayoutDemo.swift /Users/timyu/Desktop/EasyRide_App/EasyRide/Managers/LocationManager.swift /Users/timyu/Desktop/EasyRide_App/EasyRide/Models/Address.swift /Users/timyu/Desktop/EasyRide_App/EasyRide/Models/AppState.swift /Users/timyu/Desktop/EasyRide_App/EasyRide/Models/BookingStep.swift /Users/timyu/Desktop/EasyRide_App/EasyRide/Models/DemoItem.swift /Users/timyu/Desktop/EasyRide_App/EasyRide/Models/Driver.swift /Users/timyu/Desktop/EasyRide_App/EasyRide/Models/Location.swift /Users/timyu/Desktop/EasyRide_App/EasyRide/Models/Message.swift /Users/timyu/Desktop/EasyRide_App/EasyRide/Models/Order.swift /Users/timyu/Desktop/EasyRide_App/EasyRide/Models/PaymentMethod.swift /Users/timyu/Desktop/EasyRide_App/EasyRide/Models/PriceBreakdown.swift /Users/timyu/Desktop/EasyRide_App/EasyRide/Models/ServiceOption.swift /Users/timyu/Desktop/EasyRide_App/EasyRide/Models/ServiceType.swift /Users/timyu/Desktop/EasyRide_App/EasyRide/Models/TripConfiguration.swift /Users/timyu/Desktop/EasyRide_App/EasyRide/Models/TripMode.swift /Users/timyu/Desktop/EasyRide_App/EasyRide/Models/User.swift /Users/timyu/Desktop/EasyRide_App/EasyRide/Models/ValueAddedService.swift /Users/timyu/Desktop/EasyRide_App/EasyRide/Models/Wallet.swift /Users/timyu/Desktop/EasyRide_App/EasyRide/Services/APIEndpoint.swift /Users/timyu/Desktop/EasyRide_App/EasyRide/Services/APIService.swift /Users/timyu/Desktop/EasyRide_App/EasyRide/Services/Configuration.swift /Users/timyu/Desktop/EasyRide_App/EasyRide/Services/EasyRideError.swift /Users/timyu/Desktop/EasyRide_App/EasyRide/Services/ErrorRecoveryService.swift /Users/timyu/Desktop/EasyRide_App/EasyRide/Services/PaymentService.swift /Users/timyu/Desktop/EasyRide_App/EasyRide/Services/SecureStorage.swift /Users/timyu/Desktop/EasyRide_App/EasyRide/Utils/AccessibilityUtils.swift /Users/timyu/Desktop/EasyRide_App/EasyRide/Utils/AnimationUtils.swift /Users/timyu/Desktop/EasyRide_App/EasyRide/Utils/LocalizationUtils.swift /Users/timyu/Desktop/EasyRide_App/EasyRide/Utils/OrientationLayoutUtils.swift /Users/timyu/Desktop/EasyRide_App/EasyRide/Utils/PerformanceUtils.swift /Users/timyu/Desktop/EasyRide_App/EasyRide/Utils/ResponsiveLayoutUtils.swift /Users/timyu/Desktop/EasyRide_App/EasyRide/ViewModels/AuthenticationViewModel.swift /Users/timyu/Desktop/EasyRide_App/EasyRide/ViewModels/BookingViewModel.swift /Users/timyu/Desktop/EasyRide_App/EasyRide/ViewModels/OrderDetailViewModel.swift /Users/timyu/Desktop/EasyRide_App/EasyRide/ViewModels/OrdersViewModel.swift /Users/timyu/Desktop/EasyRide_App/EasyRide/ViewModels/OrderTrackingViewModel.swift /Users/timyu/Desktop/EasyRide_App/EasyRide/ViewModels/ServiceSelectionViewModel.swift /Users/timyu/Desktop/EasyRide_App/EasyRide/ViewModels/TripConfigurationViewModel.swift /Users/timyu/Desktop/EasyRide_App/EasyRide/ViewModels/ValueAddedServicesViewModel.swift /Users/timyu/Desktop/EasyRide_App/EasyRide/Views/Components/DemoCards.swift /Users/timyu/Desktop/EasyRide_App/EasyRide/Views/Components/SkeletonView.swift /Users/timyu/Desktop/EasyRide_App/EasyRide/Views/AdaptiveLayoutDemoView.swift /Users/timyu/Desktop/EasyRide_App/EasyRide/Views/AddFundsView.swift /Users/timyu/Desktop/EasyRide_App/EasyRide/Views/AddPaymentMethodView.swift /Users/timyu/Desktop/EasyRide_App/EasyRide/Views/ApplePaySetupView.swift /Users/timyu/Desktop/EasyRide_App/EasyRide/Views/BootScreenView.swift /Users/timyu/Desktop/EasyRide_App/EasyRide/Views/FavoriteDriversView.swift /Users/timyu/Desktop/EasyRide_App/EasyRide/Views/LoginView.swift /Users/timyu/Desktop/EasyRide_App/EasyRide/Views/OrderDetailView.swift /Users/timyu/Desktop/EasyRide_App/EasyRide/Views/OrderSuccessDriverMatchingView.swift /Users/timyu/Desktop/EasyRide_App/EasyRide/Views/OrderTrackingView.swift /Users/timyu/Desktop/EasyRide_App/EasyRide/Views/OrientationResponsiveDemo.swift /Users/timyu/Desktop/EasyRide_App/EasyRide/Views/OrientationTestView.swift /Users/timyu/Desktop/EasyRide_App/EasyRide/Views/PaymentMethodsView.swift /Users/timyu/Desktop/EasyRide_App/EasyRide/Views/RegistrationView.swift /Users/timyu/Desktop/EasyRide_App/EasyRide/Views/ResponsiveTripConfigurationView.swift /Users/timyu/Desktop/EasyRide_App/EasyRide/Views/ServiceSelectionView.swift /Users/timyu/Desktop/EasyRide_App/EasyRide/Views/SettingsView.swift /Users/timyu/Desktop/EasyRide_App/EasyRide/Views/TripConfigurationView.swift /Users/timyu/Desktop/EasyRide_App/EasyRide/Views/TripModeSettingsView.swift /Users/timyu/Desktop/EasyRide_App/EasyRide/Views/ValueAddedServicesDemo.swift /Users/timyu/Desktop/EasyRide_App/EasyRide/Views/ValueAddedServicesView.swift /Users/timyu/Desktop/EasyRide_App/EasyRide/Views/WalletView.swift /Users/timyu/Desktop/EasyRide_App/EasyRide/Views/WeChatPaySetupView.swift /Users/timyu/Desktop/EasyRide_App/EasyRide/ContentView.swift /Users/timyu/Desktop/EasyRide_App/EasyRide/EasyRideApp.swift /Users/timyu/Library/Developer/Xcode/DerivedData/EasyRide-beugqklueywnwjdnocpyhdzzhnze/Build/Intermediates.noindex/EasyRide.build/Debug-iphonesimulator/EasyRide.build/DerivedSources/GeneratedAssetSymbols.swift -target arm64-apple-ios18.0-simulator -module-can-import-version DeveloperToolsSupport 23.0.4 23.0.4 -module-can-import-version SwiftUI 7.2.5.1 7.2.5 -module-can-import-version UIKit 9126.2.4.1 9126.2.4 -disable-cross-import-overlay-search -swift-module-cross-import MapKit /Applications/Xcode.app/Contents/Developer/Platforms/iPhoneSimulator.platform/Developer/SDKs/iPhoneSimulator.sdk/System/Library/Frameworks/MapKit.framework/Modules/MapKit.swiftcrossimport/SwiftUI.swiftoverlay -swift-module-cross-import PassKit /Applications/Xcode.app/Contents/Developer/Platforms/iPhoneSimulator.platform/Developer/SDKs/iPhoneSimulator.sdk/System/Library/Frameworks/PassKit.framework/Modules/PassKit.swiftcrossimport/SwiftUI.swiftoverlay -load-resolved-plugin /Applications/Xcode.app/Contents/Developer/Platforms/iPhoneOS.platform/Developer/usr/lib/swift/host/plugins/libFoundationMacros.dylib\#/Applications/Xcode.app/Contents/Developer/Platforms/iPhoneOS.platform/Developer/usr/bin/swift-plugin-server\#FoundationMacros -load-resolved-plugin /Applications/Xcode.app/Contents/Developer/Platforms/iPhoneOS.platform/Developer/usr/lib/swift/host/plugins/libObservationMacros.dylib\#/Applications/Xcode.app/Contents/Developer/Platforms/iPhoneOS.platform/Developer/usr/bin/swift-plugin-server\#ObservationMacros -load-resolved-plugin /Applications/Xcode.app/Contents/Developer/Platforms/iPhoneOS.platform/Developer/usr/lib/swift/host/plugins/libPreviewsMacros.dylib\#/Applications/Xcode.app/Contents/Developer/Platforms/iPhoneOS.platform/Developer/usr/bin/swift-plugin-server\#PreviewsMacros -load-resolved-plugin /Applications/Xcode.app/Contents/Developer/Platforms/iPhoneOS.platform/Developer/usr/lib/swift/host/plugins/libSwiftMacros.dylib\#/Applications/Xcode.app/Contents/Developer/Platforms/iPhoneOS.platform/Developer/usr/bin/swift-plugin-server\#SwiftMacros -load-resolved-plugin /Applications/Xcode.app/Contents/Developer/Platforms/iPhoneOS.platform/Developer/usr/lib/swift/host/plugins/libSwiftUIMacros.dylib\#/Applications/Xcode.app/Contents/Developer/Platforms/iPhoneOS.platform/Developer/usr/bin/swift-plugin-server\#SwiftUIMacros -disable-implicit-swift-modules -Xcc -fno-implicit-modules -Xcc -fno-implicit-module-maps -explicit-swift-module-map-file /Users/timyu/Library/Developer/Xcode/DerivedData/EasyRide-beugqklueywnwjdnocpyhdzzhnze/Build/Intermediates.noindex/EasyRide.build/Debug-iphonesimulator/EasyRide.build/Objects-normal/arm64/EasyRide-dependencies-2.json -Xllvm -aarch64-use-tbi -enable-objc-interop -sdk /Applications/Xcode.app/Contents/Developer/Platforms/iPhoneSimulator.platform/Developer/SDKs/iPhoneSimulator26.2.sdk -I /Users/timyu/Library/Developer/Xcode/DerivedData/EasyRide-beugqklueywnwjdnocpyhdzzhnze/Build/Products/Debug-iphonesimulator -F /Users/timyu/Library/Developer/Xcode/DerivedData/EasyRide-beugqklueywnwjdnocpyhdzzhnze/Build/Products/Debug-iphonesimulator -no-color-diagnostics -Xcc -fno-color-diagnostics -enable-testing -g -debug-info-format\=dwarf -dwarf-version\=5 -module-cache-path /Users/timyu/Library/Developer/Xcode/DerivedData/EasyRide-beugqklueywnwjdnocpyhdzzhnze/Build/Intermediates.noindex/SwiftExplicitPrecompiledModules -profile-generate -profile-coverage-mapping -swift-version 5 -enforce-exclusivity\=checked -Onone -D DEBUG -serialize-debugging-options -const-gather-protocols-file /Users/timyu/Library/Developer/Xcode/DerivedData/EasyRide-beugqklueywnwjdnocpyhdzzhnze/Build/Intermediates.noindex/EasyRide.build/Debug-iphonesimulator/EasyRide.build/Objects-normal/arm64/EasyRide_const_extract_protocols.json -enable-experimental-feature DebugDescriptionMacro -enable-bare-slash-regex -empty-abi-descriptor -validate-clang-modules-once -clang-build-session-file /Users/timyu/Library/Developer/Xcode/DerivedData/ModuleCache.noindex/Session.modulevalidation -Xcc -working-directory -Xcc /Users/timyu/Desktop/EasyRide_App -enable-anonymous-context-mangled-names -file-compilation-dir /Users/timyu/Desktop/EasyRide_App -Xcc -D_LIBCPP_HARDENING_MODE\=_LIBCPP_HARDENING_MODE_DEBUG -Xcc -ivfsstatcache -Xcc /Users/timyu/Library/Developer/Xcode/DerivedData/SDKStatCaches.noindex/iphonesimulator26.2-23C53-7d00a8b37fbd7999ea79df8ebc024bf0.sdkstatcache -Xcc -I/Users/timyu/Library/Developer/Xcode/DerivedData/EasyRide-beugqklueywnwjdnocpyhdzzhnze/Build/Intermediates.noindex/EasyRide.build/Debug-iphonesimulator/EasyRide.build/swift-overrides.hmap -Xcc -iquote -Xcc /Users/timyu/Library/Developer/Xcode/DerivedData/EasyRide-beugqklueywnwjdnocpyhdzzhnze/Build/Intermediates.noindex/EasyRide.build/Debug-iphonesimulator/EasyRide.build/EasyRide-generated-files.hmap -Xcc -I/Users/timyu/Library/Developer/Xcode/DerivedData/EasyRide-beugqklueywnwjdnocpyhdzzhnze/Build/Intermediates.noindex/EasyRide.build/Debug-iphonesimulator/EasyRide.build/EasyRide-own-target-headers.hmap -Xcc -I/Users/timyu/Library/Developer/Xcode/DerivedData/EasyRide-beugqklueywnwjdnocpyhdzzhnze/Build/Intermediates.noindex/EasyRide.build/Debug-iphonesimulator/EasyRide.build/EasyRide-all-target-headers.hmap -Xcc -iquote -Xcc /Users/timyu/Library/Developer/Xcode/DerivedData/EasyRide-beugqklueywnwjdnocpyhdzzhnze/Build/Intermediates.noindex/EasyRide.build/Debug-iphonesimulator/EasyRide.build/EasyRide-project-headers.hmap -Xcc -I/Users/timyu/Library/Developer/Xcode/DerivedData/EasyRide-beugqklueywnwjdnocpyhdzzhnze/Build/Products/Debug-iphonesimulator/include -Xcc -I/Users/timyu/Library/Developer/Xcode/DerivedData/EasyRide-beugqklueywnwjdnocpyhdzzhnze/Build/Intermediates.noindex/EasyRide.build/Debug-iphonesimulator/EasyRide.build/DerivedSources-normal/arm64 -Xcc -I/Users/timyu/Library/Developer/Xcode/DerivedData/EasyRide-beugqklueywnwjdnocpyhdzzhnze/Build/Intermediates.noindex/EasyRide.build/Debug-iphonesimulator/EasyRide.build/DerivedSources/arm64 -Xcc -I/Users/timyu/Library/Developer/Xcode/DerivedData/EasyRide-beugqklueywnwjdnocpyhdzzhnze/Build/Intermediates.noindex/EasyRide.build/Debug-iphonesimulator/EasyRide.build/DerivedSources -Xcc -DDEBUG\=1 -no-auto-bridging-header-chaining -module-name EasyRide -frontend-parseable-output -disable-clang-spi -target-sdk-version 26.2 -target-sdk-name iphonesimulator26.2 -clang-target arm64-apple-ios26.2-simulator -in-process-plugin-server-path /Applications/Xcode.app/Contents/Developer/Toolchains/XcodeDefault.xctoolchain/usr/lib/swift/host/libSwiftInProcPluginServer.dylib -emit-module-doc-path /Users/timyu/Library/Developer/Xcode/DerivedData/EasyRide-beugqklueywnwjdnocpyhdzzhnze/Build/Intermediates.noindex/EasyRide.build/Debug-iphonesimulator/EasyRide.build/Objects-normal/arm64/EasyRide.swiftdoc -emit-module-source-info-path /Users/timyu/Library/Developer/Xcode/DerivedData/EasyRide-beugqklueywnwjdnocpyhdzzhnze/Build/Intermediates.noindex/EasyRide.build/Debug-iphonesimulator/EasyRide.build/Objects-normal/arm64/EasyRide.swiftsourceinfo -emit-objc-header-path /Users/timyu/Library/Developer/Xcode/DerivedData/EasyRide-beugqklueywnwjdnocpyhdzzhnze/Build/Intermediates.noindex/EasyRide.build/Debug-iphonesimulator/EasyRide.build/Objects-normal/arm64/EasyRide-Swift.h -serialize-diagnostics-path /Users/timyu/Library/Developer/Xcode/DerivedData/EasyRide-beugqklueywnwjdnocpyhdzzhnze/Build/Intermediates.noindex/EasyRide.build/Debug-iphonesimulator/EasyRide.build/Objects-normal/arm64/EasyRide-primary-emit-module.dia -emit-dependencies-path /Users/timyu/Library/Developer/Xcode/DerivedData/EasyRide-beugqklueywnwjdnocpyhdzzhnze/Build/Intermediates.noindex/EasyRide.build/Debug-iphonesimulator/EasyRide.build/Objects-normal/arm64/EasyRide-primary-emit-module.d -o /Users/timyu/Library/Developer/Xcode/DerivedData/EasyRide-beugqklueywnwjdnocpyhdzzhnze/Build/Intermediates.noindex/EasyRide.build/Debug-iphonesimulator/EasyRide.build/Objects-normal/arm64/EasyRide.swiftmodule -emit-abi-descriptor-path /Users/timyu/Library/Developer/Xcode/DerivedData/EasyRide-beugqklueywnwjdnocpyhdzzhnze/Build/Intermediates.noindex/EasyRide.build/Debug-iphonesimulator/EasyRide.build/Objects-normal/arm64/EasyRide.abi.json

EmitSwiftModule normal arm64 (in target 'EasyRide' from project 'EasyRide')
    cd /Users/timyu/Desktop/EasyRide_App
    
/Users/timyu/Desktop/EasyRide_App/EasyRide/Views/OrientationResponsiveDemo.swift:388:10: warning: previewInterfaceOrientation is ignored in a #Preview macro. Use the `traits` argument of the macro to provide the desired orientation, e.g. `.landscapeLeft`. (from macro 'Preview')
        .previewInterfaceOrientation(.landscapeLeft)
         ^
/Users/timyu/Desktop/EasyRide_App/EasyRide/ContentView.swift:85:40: error: cannot find type 'MapCameraPosition' in scope
    @State private var cameraPosition: MapCameraPosition = .userLocation(fallback: .automatic)
                                       ^~~~~~~~~~~~~~~~~
/Users/timyu/Desktop/EasyRide_App/EasyRide/ContentView.swift:89:48: error: cannot find 'CLLocationCoordinate2D' in scope
        DriverAnnotation(id: "d1", coordinate: CLLocationCoordinate2D(latitude: 37.7749, longitude: -122.4194)), // Placeholder
                                               ^~~~~~~~~~~~~~~~~~~~~~
/Users/timyu/Desktop/EasyRide_App/EasyRide/ContentView.swift:90:48: error: cannot find 'CLLocationCoordinate2D' in scope
        DriverAnnotation(id: "d2", coordinate: CLLocationCoordinate2D(latitude: 37.7739, longitude: -122.4184))
                                               ^~~~~~~~~~~~~~~~~~~~~~
/Users/timyu/Desktop/EasyRide_App/EasyRide/ContentView.swift:178:23: error: cannot find type 'CLLocationCoordinate2D' in scope
      let coordinate: CLLocationCoordinate2D
                      ^~~~~~~~~~~~~~~~~~~~~~
/Users/timyu/Desktop/EasyRide_App/EasyRide/ContentView.swift:156:56: error: cannot find type 'CLLocationCoordinate2D' in scope
    private func updateSimulatedDrivers(around center: CLLocationCoordinate2D) {
                                                       ^~~~~~~~~~~~~~~~~~~~~~

SwiftEmitModule normal x86_64 Emitting\ module\ for\ EasyRide (in target 'EasyRide' from project 'EasyRide')

EmitSwiftModule normal x86_64 (in target 'EasyRide' from project 'EasyRide')
    cd /Users/timyu/Desktop/EasyRide_App
    

SwiftDriverJobDiscovery normal arm64 Compiling Message.swift, Order.swift, PaymentMethod.swift, PriceBreakdown.swift, ServiceOption.swift, ServiceType.swift, TripConfiguration.swift, TripMode.swift, User.swift (in target 'EasyRide' from project 'EasyRide')

SwiftCompile normal x86_64 Compiling\ AccessibilityUtils.swift,\ AnimationUtils.swift,\ LocalizationUtils.swift,\ OrientationLayoutUtils.swift,\ PerformanceUtils.swift,\ ResponsiveLayoutUtils.swift,\ AuthenticationViewModel.swift,\ BookingViewModel.swift,\ OrderDetailViewModel.swift /Users/timyu/Desktop/EasyRide_App/EasyRide/Utils/AccessibilityUtils.swift /Users/timyu/Desktop/EasyRide_App/EasyRide/Utils/AnimationUtils.swift /Users/timyu/Desktop/EasyRide_App/EasyRide/Utils/LocalizationUtils.swift /Users/timyu/Desktop/EasyRide_App/EasyRide/Utils/OrientationLayoutUtils.swift /Users/timyu/Desktop/EasyRide_App/EasyRide/Utils/PerformanceUtils.swift /Users/timyu/Desktop/EasyRide_App/EasyRide/Utils/ResponsiveLayoutUtils.swift /Users/timyu/Desktop/EasyRide_App/EasyRide/ViewModels/AuthenticationViewModel.swift /Users/timyu/Desktop/EasyRide_App/EasyRide/ViewModels/BookingViewModel.swift /Users/timyu/Desktop/EasyRide_App/EasyRide/ViewModels/OrderDetailViewModel.swift (in target 'EasyRide' from project 'EasyRide')

** BUILD FAILED **


The following build commands failed:
	SwiftEmitModule normal arm64 Emitting\ module\ for\ EasyRide (in target 'EasyRide' from project 'EasyRide')
	EmitSwiftModule normal arm64 (in target 'EasyRide' from project 'EasyRide')
	Building project EasyRide with scheme EasyRide
(3 failures)
